---- AspectJ Properties ---
AspectJ Compiler 1.6.11 built on Tuesday Mar 15, 2011 at 15:31:04 GMT
---- Dump Properties ---
Dump file: ajcore.20240216.075259.095.txt
Dump reason: org.aspectj.apache.bcel.classfile.ClassFormatException
Dump on exception: true
Dump at exit condition: abort
---- Exception Information ---
org.aspectj.apache.bcel.classfile.ClassFormatException: File: 'org/openqa/selenium/WebDriverException.class': Invalid byte tag in constant pool: 18
	at org.aspectj.apache.bcel.classfile.ClassParser.readConstantPool(ClassParser.java:192)
	at org.aspectj.apache.bcel.classfile.ClassParser.parse(ClassParser.java:131)
	at org.aspectj.weaver.bcel.BcelWorld.lookupJavaClass(BcelWorld.java:424)
	at org.aspectj.weaver.bcel.BcelWorld.resolveDelegate(BcelWorld.java:376)
	at org.aspectj.weaver.World.resolveToReferenceType(World.java:467)
	at org.aspectj.weaver.World.resolve(World.java:308)
	at org.aspectj.weaver.World.resolve(World.java:218)
	at org.aspectj.weaver.bcel.BcelObjectType.getSuperclass(BcelObjectType.java:236)
	at org.aspectj.weaver.ReferenceType.getSuperclass(ReferenceType.java:906)
	at org.aspectj.weaver.ResolvedType.getDirectSupertypes(ResolvedType.java:77)
	at org.aspectj.weaver.ResolvedType.collectInterTypeMungers(ResolvedType.java:1390)
	at org.aspectj.weaver.ResolvedType.collectInterTypeMungers(ResolvedType.java:1395)
	at org.aspectj.weaver.ResolvedType.getInterTypeMungersIncludingSupers(ResolvedType.java:1371)
	at org.aspectj.weaver.ResolvedType.checkInterTypeMungers(ResolvedType.java:1442)
	at org.aspectj.ajdt.internal.compiler.lookup.AjLookupEnvironment.weaveInterTypeDeclarations(AjLookupEnvironment.java:809)
	at org.aspectj.ajdt.internal.compiler.lookup.AjLookupEnvironment.weaveInterTypeDeclarations(AjLookupEnvironment.java:652)
	at org.aspectj.ajdt.internal.compiler.lookup.AjLookupEnvironment.createBinaryTypeFrom(AjLookupEnvironment.java:1398)
	at org.aspectj.org.eclipse.jdt.internal.compiler.lookup.LookupEnvironment.createBinaryTypeFrom(LookupEnvironment.java:599)
	at org.aspectj.org.eclipse.jdt.internal.compiler.Compiler.accept(Compiler.java:276)
	at org.aspectj.org.eclipse.jdt.internal.compiler.lookup.LookupEnvironment.askForType(LookupEnvironment.java:139)
	at org.aspectj.org.eclipse.jdt.internal.compiler.lookup.PackageBinding.getTypeOrPackage(PackageBinding.java:178)
	at org.aspectj.org.eclipse.jdt.internal.compiler.lookup.CompilationUnitScope.findImport(CompilationUnitScope.java:451)
	at org.aspectj.org.eclipse.jdt.internal.compiler.lookup.CompilationUnitScope.findSingleImport(CompilationUnitScope.java:505)
	at org.aspectj.org.eclipse.jdt.internal.compiler.lookup.CompilationUnitScope.faultInImports(CompilationUnitScope.java:361)
	at org.aspectj.org.eclipse.jdt.internal.compiler.lookup.CompilationUnitScope.faultInTypes(CompilationUnitScope.java:430)
	at org.aspectj.org.eclipse.jdt.internal.compiler.Compiler.process(Compiler.java:629)
	at org.aspectj.org.eclipse.jdt.internal.compiler.Compiler.compile(Compiler.java:392)
	at org.aspectj.ajdt.internal.core.builder.AjBuildManager.performCompilation(AjBuildManager.java:1021)
	at org.aspectj.ajdt.internal.core.builder.AjBuildManager.performBuild(AjBuildManager.java:268)
	at org.aspectj.ajdt.internal.core.builder.AjBuildManager.batchBuild(AjBuildManager.java:181)
	at org.aspectj.ajdt.ajc.AjdtCommand.doCommand(AjdtCommand.java:112)
	at org.aspectj.ajdt.ajc.AjdtCommand.runCommand(AjdtCommand.java:60)
	at org.aspectj.tools.ajc.Main.run(Main.java:371)
	at org.aspectj.tools.ajc.Main.runMain(Main.java:248)
	at org.codehaus.mojo.aspectj.AbstractAjcCompiler.execute(AbstractAjcCompiler.java:405)
	at org.apache.maven.plugin.DefaultBuildPluginManager.executeMojo(DefaultBuildPluginManager.java:137)
	at org.apache.maven.lifecycle.internal.MojoExecutor.execute(MojoExecutor.java:210)
	at org.apache.maven.lifecycle.internal.MojoExecutor.execute(MojoExecutor.java:156)
	at org.apache.maven.lifecycle.internal.MojoExecutor.execute(MojoExecutor.java:148)
	at org.apache.maven.lifecycle.internal.LifecycleModuleBuilder.buildProject(LifecycleModuleBuilder.java:117)
	at org.apache.maven.lifecycle.internal.LifecycleModuleBuilder.buildProject(LifecycleModuleBuilder.java:81)
	at org.apache.maven.lifecycle.internal.builder.singlethreaded.SingleThreadedBuilder.build(SingleThreadedBuilder.java:56)
	at org.apache.maven.lifecycle.internal.LifecycleStarter.execute(LifecycleStarter.java:128)
	at org.apache.maven.DefaultMaven.doExecute(DefaultMaven.java:305)
	at org.apache.maven.DefaultMaven.doExecute(DefaultMaven.java:192)
	at org.apache.maven.DefaultMaven.execute(DefaultMaven.java:105)
	at org.apache.maven.cli.MavenCli.execute(MavenCli.java:957)
	at org.apache.maven.cli.MavenCli.doMain(MavenCli.java:289)
	at org.apache.maven.cli.MavenCli.main(MavenCli.java:193)
	at java.base/jdk.internal.reflect.NativeMethodAccessorImpl.invoke0(Native Method)
	at java.base/jdk.internal.reflect.NativeMethodAccessorImpl.invoke(NativeMethodAccessorImpl.java:62)
	at java.base/jdk.internal.reflect.DelegatingMethodAccessorImpl.invoke(DelegatingMethodAccessorImpl.java:43)
	at java.base/java.lang.reflect.Method.invoke(Method.java:566)
	at org.codehaus.plexus.classworlds.launcher.Launcher.launchEnhanced(Launcher.java:282)
	at org.codehaus.plexus.classworlds.launcher.Launcher.launch(Launcher.java:225)
	at org.codehaus.plexus.classworlds.launcher.Launcher.mainWithExitCode(Launcher.java:406)
	at org.codehaus.plexus.classworlds.launcher.Launcher.main(Launcher.java:347)
	at org.codehaus.classworlds.Launcher.main(Launcher.java:47)
---- System Properties ---
sun.desktop=windows
awt.toolkit=sun.awt.windows.WToolkit
java.specification.version=11
sun.cpu.isalist=amd64
sun.jnu.encoding=Cp1252
java.class.path=C:\Program Files\JetBrains\IntelliJ IDEA Community Edition 2022.3.3\plugins\maven\lib\maven3\boot\plexus-classworlds-2.6.0.jar;C:\Program Files\JetBrains\IntelliJ IDEA Community Edition 2022.3.3\plugins\maven\lib\maven3\boot\plexus-classworlds.license
java.vm.vendor=Eclipse Adoptium
remote=false
sun.arch.data.model=64
user.variant=
java.vendor.url=https://adoptium.net/
user.timezone=America/Toronto
maven.conf=C:\Program Files\JetBrains\IntelliJ IDEA Community Edition 2022.3.3\plugins\maven\lib\maven3/conf
os.name=Windows 10
java.vm.specification.version=11
sun.java.launcher=SUN_STANDARD
user.country=CA
sun.boot.library.path=C:\Users\trema\.jdks\temurin-11.0.22\bin
sun.java.command=org.codehaus.classworlds.Launcher -Didea.version=2023.1 test -Dremote=false -Dbrowser=edge
jdk.debug=release
maven.home=C:\Program Files\JetBrains\IntelliJ IDEA Community Edition 2022.3.3\plugins\maven\lib\maven3
sun.cpu.endian=little
user.home=C:\Users\trema
user.language=en
java.specification.vendor=Oracle Corporation
java.version.date=2024-01-16
java.home=C:\Users\trema\.jdks\temurin-11.0.22
file.separator=\
java.vm.compressedOopsMode=Zero based
line.separator=

java.specification.name=Java Platform API Specification
java.vm.specification.vendor=Oracle Corporation
java.awt.graphicsenv=sun.awt.Win32GraphicsEnvironment
user.script=
sun.management.compiler=HotSpot 64-Bit Tiered Compilers
java.runtime.version=11.0.22+7
user.name=trema
path.separator=;
os.version=10.0
java.runtime.name=OpenJDK Runtime Environment
file.encoding=UTF-8
guice.disable.misplaced.annotation.check=true
browser=edge
java.vm.name=OpenJDK 64-Bit Server VM
java.vendor.version=Temurin-11.0.22+7
maven.ext.class.path=C:\Program Files\JetBrains\IntelliJ IDEA Community Edition 2022.3.3\plugins\maven\lib\maven-event-listener.jar
java.vendor.url.bug=https://github.com/adoptium/adoptium-support/issues
java.io.tmpdir=C:\Users\trema\AppData\Local\Temp\
idea.version=2023.1
java.version=11.0.22
user.dir=C:\Git\JavaFrameworkDemo
os.arch=amd64
maven.multiModuleProjectDirectory=C:\Git\JavaFrameworkDemo
jansi.passthrough=true
java.vm.specification.name=Java Virtual Machine Specification
java.awt.printerjob=sun.awt.windows.WPrinterJob
sun.os.patch.level=
java.library.path=C:\Users\trema\.jdks\temurin-11.0.22\bin;C:\WINDOWS\Sun\Java\bin;C:\WINDOWS\system32;C:\WINDOWS;D:\Oculus\Support\oculus-runtime;C:\Program Files\Common Files\Oracle\Java\javapath;C:\WINDOWS\system32;C:\WINDOWS;C:\WINDOWS\System32\Wbem;C:\WINDOWS\System32\WindowsPowerShell\v1.0\;C:\WINDOWS\System32\OpenSSH\;C:\Program Files (x86)\NVIDIA Corporation\PhysX\Common;C:\Program Files\Git\cmd;C:\Program Files\VSCodium\bin;C:\Program Files\Microsoft SQL Server\150\Tools\Binn\;C:\Program Files\Microsoft SQL Server\Client SDK\ODBC\170\Tools\Binn\;C:\Program Files\dotnet\;C:\Program Files\Docker\Docker\resources\bin;C:\Program Files\Mullvad VPN\resources;C:\Users\trema\AppData\Local\Programs\Python\Python310\Scripts\;C:\Users\trema\AppData\Local\Programs\Python\Python310\;C:\Users\trema\AppData\Local\Microsoft\WindowsApps;C:\Users\trema\.dotnet\tools;C:\Users\trema\Downloads\BuildTools-master\BuildTools-master\bin;;.
java.vm.info=mixed mode
java.vendor=Eclipse Adoptium
java.vm.version=11.0.22+7
java.specification.maintenance.version=2
classworlds.conf=C:\Program Files\JetBrains\IntelliJ IDEA Community Edition 2022.3.3\plugins\maven\lib\maven3\bin\m2.conf
sun.io.unicode.encoding=UnicodeLittle
java.class.version=55.0
---- Command Line ---
-encoding
UTF-8
-classpath
C:\Users\trema\.m2\repository\org\junit\jupiter\junit-jupiter-api\5.9.3\junit-jupiter-api-5.9.3.jar;C:\Users\trema\.m2\repository\org\junit\platform\junit-platform-suite\1.9.3\junit-platform-suite-1.9.3.jar;C:\Users\trema\.m2\repository\org\junit\jupiter\junit-jupiter-engine\5.9.3\junit-jupiter-engine-5.9.3.jar;C:\Users\trema\.m2\repository\org\apache\logging\log4j\log4j-slf4j2-impl\2.20.0\log4j-slf4j2-impl-2.20.0.jar;C:\Users\trema\.m2\repository\org\seleniumhq\selenium\selenium-java\4.9.1\selenium-java-4.9.1.jar;C:\Users\trema\.m2\repository\io\cucumber\cucumber-java\7.12.0\cucumber-java-7.12.0.jar;C:\Users\trema\.m2\repository\io\cucumber\cucumber-junit-platform-engine\7.12.0\cucumber-junit-platform-engine-7.12.0.jar;C:\Users\trema\.m2\repository\com\aventstack\extentreports\5.1.1\extentreports-5.1.1.jar;C:\Users\trema\.m2\repository\org\aspectj\aspectjweaver\1.9.2\aspectjweaver-1.9.2.jar;C:\Users\trema\.m2\repository\org\aspectj\aspectjrt\1.9.2\aspectjrt-1.9.2.jar;C:\Users\trema\.m2\repository\org\opentest4j\opentest4j\1.2.0\opentest4j-1.2.0.jar;C:\Users\trema\.m2\repository\org\junit\platform\junit-platform-commons\1.9.3\junit-platform-commons-1.9.3.jar;C:\Users\trema\.m2\repository\org\apiguardian\apiguardian-api\1.1.2\apiguardian-api-1.1.2.jar;C:\Users\trema\.m2\repository\org\apache\logging\log4j\log4j-api\2.20.0\log4j-api-2.20.0.jar;C:\Users\trema\.m2\repository\org\slf4j\slf4j-api\2.0.6\slf4j-api-2.0.6.jar;C:\Users\trema\.m2\repository\org\seleniumhq\selenium\selenium-api\4.9.1\selenium-api-4.9.1.jar;C:\Users\trema\.m2\repository\org\seleniumhq\selenium\selenium-chrome-driver\4.9.1\selenium-chrome-driver-4.9.1.jar;C:\Users\trema\.m2\repository\com\google\auto\service\auto-service-annotations\1.0.1\auto-service-annotations-1.0.1.jar;C:\Users\trema\.m2\repository\com\google\auto\service\auto-service\1.0.1\auto-service-1.0.1.jar;C:\Users\trema\.m2\repository\com\google\auto\auto-common\1.2\auto-common-1.2.jar;C:\Users\trema\.m2\repository\com\google\guava\guava\31.1-jre\guava-31.1-jre.jar;C:\Users\trema\.m2\repository\com\google\guava\failureaccess\1.0.1\failureaccess-1.0.1.jar;C:\Users\trema\.m2\repository\com\google\guava\listenablefuture\9999.0-empty-to-avoid-conflict-with-guava\listenablefuture-9999.0-empty-to-avoid-conflict-with-guava.jar;C:\Users\trema\.m2\repository\com\google\code\findbugs\jsr305\3.0.2\jsr305-3.0.2.jar;C:\Users\trema\.m2\repository\org\checkerframework\checker-qual\3.12.0\checker-qual-3.12.0.jar;C:\Users\trema\.m2\repository\com\google\errorprone\error_prone_annotations\2.11.0\error_prone_annotations-2.11.0.jar;C:\Users\trema\.m2\repository\com\google\j2objc\j2objc-annotations\1.3\j2objc-annotations-1.3.jar;C:\Users\trema\.m2\repository\org\seleniumhq\selenium\selenium-chromium-driver\4.9.1\selenium-chromium-driver-4.9.1.jar;C:\Users\trema\.m2\repository\org\seleniumhq\selenium\selenium-json\4.9.1\selenium-json-4.9.1.jar;C:\Users\trema\.m2\repository\org\seleniumhq\selenium\selenium-manager\4.9.1\selenium-manager-4.9.1.jar;C:\Users\trema\.m2\repository\org\seleniumhq\selenium\selenium-devtools-v111\4.9.1\selenium-devtools-v111-4.9.1.jar;C:\Users\trema\.m2\repository\org\seleniumhq\selenium\selenium-devtools-v112\4.9.1\selenium-devtools-v112-4.9.1.jar;C:\Users\trema\.m2\repository\org\seleniumhq\selenium\selenium-devtools-v113\4.9.1\selenium-devtools-v113-4.9.1.jar;C:\Users\trema\.m2\repository\org\seleniumhq\selenium\selenium-devtools-v85\4.9.1\selenium-devtools-v85-4.9.1.jar;C:\Users\trema\.m2\repository\org\seleniumhq\selenium\selenium-edge-driver\4.9.1\selenium-edge-driver-4.9.1.jar;C:\Users\trema\.m2\repository\org\seleniumhq\selenium\selenium-firefox-driver\4.9.1\selenium-firefox-driver-4.9.1.jar;C:\Users\trema\.m2\repository\org\seleniumhq\selenium\selenium-http\4.9.1\selenium-http-4.9.1.jar;C:\Users\trema\.m2\repository\dev\failsafe\failsafe\3.3.1\failsafe-3.3.1.jar;C:\Users\trema\.m2\repository\org\seleniumhq\selenium\selenium-ie-driver\4.9.1\selenium-ie-driver-4.9.1.jar;C:\Users\trema\.m2\repository\org\seleniumhq\selenium\selenium-remote-driver\4.9.1\selenium-remote-driver-4.9.1.jar;C:\Users\trema\.m2\repository\com\beust\jcommander\1.82\jcommander-1.82.jar;C:\Users\trema\.m2\repository\io\netty\netty-buffer\4.1.91.Final\netty-buffer-4.1.91.Final.jar;C:\Users\trema\.m2\repository\io\netty\netty-codec-http\4.1.91.Final\netty-codec-http-4.1.91.Final.jar;C:\Users\trema\.m2\repository\io\netty\netty-codec\4.1.91.Final\netty-codec-4.1.91.Final.jar;C:\Users\trema\.m2\repository\io\netty\netty-handler\4.1.91.Final\netty-handler-4.1.91.Final.jar;C:\Users\trema\.m2\repository\io\netty\netty-common\4.1.91.Final\netty-common-4.1.91.Final.jar;C:\Users\trema\.m2\repository\io\netty\netty-transport-classes-epoll\4.1.91.Final\netty-transport-classes-epoll-4.1.91.Final.jar;C:\Users\trema\.m2\repository\io\netty\netty-transport-classes-kqueue\4.1.91.Final\netty-transport-classes-kqueue-4.1.91.Final.jar;C:\Users\trema\.m2\repository\io\netty\netty-transport-native-epoll\4.1.91.Final\netty-transport-native-epoll-4.1.91.Final.jar;C:\Users\trema\.m2\repository\io\netty\netty-transport-native-kqueue\4.1.91.Final\netty-transport-native-kqueue-4.1.91.Final.jar;C:\Users\trema\.m2\repository\io\netty\netty-transport-native-unix-common\4.1.91.Final\netty-transport-native-unix-common-4.1.91.Final.jar;C:\Users\trema\.m2\repository\io\netty\netty-transport\4.1.91.Final\netty-transport-4.1.91.Final.jar;C:\Users\trema\.m2\repository\io\netty\netty-resolver\4.1.91.Final\netty-resolver-4.1.91.Final.jar;C:\Users\trema\.m2\repository\io\opentelemetry\opentelemetry-api\1.25.0\opentelemetry-api-1.25.0.jar;C:\Users\trema\.m2\repository\io\opentelemetry\opentelemetry-context\1.25.0\opentelemetry-context-1.25.0.jar;C:\Users\trema\.m2\repository\io\opentelemetry\opentelemetry-exporter-logging\1.25.0\opentelemetry-exporter-logging-1.25.0.jar;C:\Users\trema\.m2\repository\io\opentelemetry\opentelemetry-sdk-metrics\1.25.0\opentelemetry-sdk-metrics-1.25.0.jar;C:\Users\trema\.m2\repository\io\opentelemetry\opentelemetry-sdk-logs\1.25.0-alpha\opentelemetry-sdk-logs-1.25.0-alpha.jar;C:\Users\trema\.m2\repository\io\opentelemetry\opentelemetry-api-logs\1.25.0-alpha\opentelemetry-api-logs-1.25.0-alpha.jar;C:\Users\trema\.m2\repository\io\opentelemetry\opentelemetry-api-events\1.25.0-alpha\opentelemetry-api-events-1.25.0-alpha.jar;C:\Users\trema\.m2\repository\io\opentelemetry\opentelemetry-sdk-common\1.25.0\opentelemetry-sdk-common-1.25.0.jar;C:\Users\trema\.m2\repository\io\opentelemetry\opentelemetry-sdk-extension-autoconfigure-spi\1.25.0\opentelemetry-sdk-extension-autoconfigure-spi-1.25.0.jar;C:\Users\trema\.m2\repository\io\opentelemetry\opentelemetry-sdk-extension-autoconfigure\1.25.0-alpha\opentelemetry-sdk-extension-autoconfigure-1.25.0-alpha.jar;C:\Users\trema\.m2\repository\io\opentelemetry\opentelemetry-sdk-trace\1.25.0\opentelemetry-sdk-trace-1.25.0.jar;C:\Users\trema\.m2\repository\io\opentelemetry\opentelemetry-sdk\1.25.0\opentelemetry-sdk-1.25.0.jar;C:\Users\trema\.m2\repository\io\opentelemetry\opentelemetry-semconv\1.25.0-alpha\opentelemetry-semconv-1.25.0-alpha.jar;C:\Users\trema\.m2\repository\io\ous\jtoml\2.0.0\jtoml-2.0.0.jar;C:\Users\trema\.m2\repository\net\bytebuddy\byte-buddy\1.14.4\byte-buddy-1.14.4.jar;C:\Users\trema\.m2\repository\org\apache\commons\commons-exec\1.3\commons-exec-1.3.jar;C:\Users\trema\.m2\repository\org\asynchttpclient\async-http-client\2.12.3\async-http-client-2.12.3.jar;C:\Users\trema\.m2\repository\org\asynchttpclient\async-http-client-netty-utils\2.12.3\async-http-client-netty-utils-2.12.3.jar;C:\Users\trema\.m2\repository\io\netty\netty-codec-socks\4.1.60.Final\netty-codec-socks-4.1.60.Final.jar;C:\Users\trema\.m2\repository\io\netty\netty-handler-proxy\4.1.60.Final\netty-handler-proxy-4.1.60.Final.jar;C:\Users\trema\.m2\repository\io\netty\netty-transport-native-epoll\4.1.60.Final\netty-transport-native-epoll-4.1.60.Final-linux-x86_64.jar;C:\Users\trema\.m2\repository\io\netty\netty-transport-native-kqueue\4.1.60.Final\netty-transport-native-kqueue-4.1.60.Final-osx-x86_64.jar;C:\Users\trema\.m2\repository\com\typesafe\netty\netty-reactive-streams\2.0.4\netty-reactive-streams-2.0.4.jar;C:\Users\trema\.m2\repository\com\sun\activation\jakarta.activation\1.2.2\jakarta.activation-1.2.2.jar;C:\Users\trema\.m2\repository\org\seleniumhq\selenium\selenium-safari-driver\4.9.1\selenium-safari-driver-4.9.1.jar;C:\Users\trema\.m2\repository\org\seleniumhq\selenium\selenium-support\4.9.1\selenium-support-4.9.1.jar;C:\Users\trema\.m2\repository\io\cucumber\cucumber-core\7.12.0\cucumber-core-7.12.0.jar;C:\Users\trema\.m2\repository\io\cucumber\cucumber-gherkin\7.12.0\cucumber-gherkin-7.12.0.jar;C:\Users\trema\.m2\repository\io\cucumber\cucumber-gherkin-messages\7.12.0\cucumber-gherkin-messages-7.12.0.jar;C:\Users\trema\.m2\repository\io\cucumber\gherkin\26.2.0\gherkin-26.2.0.jar;C:\Users\trema\.m2\repository\io\cucumber\messages\22.0.0\messages-22.0.0.jar;C:\Users\trema\.m2\repository\io\cucumber\tag-expressions\5.0.1\tag-expressions-5.0.1.jar;C:\Users\trema\.m2\repository\io\cucumber\cucumber-expressions\16.1.2\cucumber-expressions-16.1.2.jar;C:\Users\trema\.m2\repository\io\cucumber\datatable\7.12.0\datatable-7.12.0.jar;C:\Users\trema\.m2\repository\io\cucumber\cucumber-plugin\7.12.0\cucumber-plugin-7.12.0.jar;C:\Users\trema\.m2\repository\io\cucumber\docstring\7.12.0\docstring-7.12.0.jar;C:\Users\trema\.m2\repository\io\cucumber\html-formatter\20.3.0\html-formatter-20.3.0.jar;C:\Users\trema\.m2\repository\io\cucumber\junit-xml-formatter\0.2.0\junit-xml-formatter-0.2.0.jar;C:\Users\trema\.m2\repository\io\cucumber\ci-environment\9.2.0\ci-environment-9.2.0.jar;C:\Users\trema\.m2\repository\io\reactivex\rxjava3\rxjava\3.1.6\rxjava-3.1.6.jar;C:\Users\trema\.m2\repository\org\reactivestreams\reactive-streams\1.0.4\reactive-streams-1.0.4.jar;C:\Users\trema\.m2\repository\org\freemarker\freemarker\2.3.32\freemarker-2.3.32.jar;C:\Users\trema\.m2\repository\org\projectlombok\lombok\1.18.26\lombok-1.18.26.jar;C:\Users\trema\.m2\repository\com\google\code\gson\gson\2.10.1\gson-2.10.1.jar;C:\Git\JavaFrameworkDemo\target\classes
-d
C:\Git\JavaFrameworkDemo\target\classes
C:\Git\JavaFrameworkDemo\src\main\java\org\example\junit\extensions\DebugExtension.java
C:\Git\JavaFrameworkDemo\src\main\java\org\example\pages\automationexercise\AutomationExerciseCheckoutPage.java
C:\Git\JavaFrameworkDemo\src\main\java\org\example\pages\automationexercise\AutomationExerciseHomePage.java
C:\Git\JavaFrameworkDemo\src\main\java\org\example\pages\automationexercise\AutomationExercisePage.java
C:\Git\JavaFrameworkDemo\src\main\java\org\example\pages\automationexercise\AutomationExerciseSecuredPage.java
C:\Git\JavaFrameworkDemo\src\main\java\org\example\pages\automationexercise\AutomationExerciseSignUpPage.java
C:\Git\JavaFrameworkDemo\src\main\java\org\example\pages\google\GoogleHomePage.java
C:\Git\JavaFrameworkDemo\src\main\java\org\example\pages\Page.java
C:\Git\JavaFrameworkDemo\src\main\java\org\example\stepdefinitions\CucumberSteps.java
C:\Git\JavaFrameworkDemo\src\main\java\org\example\utilities\driver\IFactory.java
C:\Git\JavaFrameworkDemo\src\main\java\org\example\utilities\driver\impl\DefaultCapabilitiesFactory.java
C:\Git\JavaFrameworkDemo\src\main\java\org\example\utilities\driver\impl\LocalDriverFactory.java
C:\Git\JavaFrameworkDemo\src\main\java\org\example\utilities\driver\impl\WebDriverFactory.java
C:\Git\JavaFrameworkDemo\src\main\java\org\example\utilities\ScreenshotUtilities.java
---- Full Classpath ---
C:\Users\trema\.m2\repository\org\junit\jupiter\junit-jupiter-api\5.9.3\junit-jupiter-api-5.9.3.jar(207763 bytes)
C:\Users\trema\.m2\repository\org\junit\platform\junit-platform-suite\1.9.3\junit-platform-suite-1.9.3.jar(6363 bytes)
C:\Users\trema\.m2\repository\org\junit\jupiter\junit-jupiter-engine\5.9.3\junit-jupiter-engine-5.9.3.jar(246666 bytes)
C:\Users\trema\.m2\repository\org\apache\logging\log4j\log4j-slf4j2-impl\2.20.0\log4j-slf4j2-impl-2.20.0.jar(26430 bytes)
C:\Users\trema\.m2\repository\org\seleniumhq\selenium\selenium-java\4.9.1\selenium-java-4.9.1.jar(870 bytes)
C:\Users\trema\.m2\repository\io\cucumber\cucumber-java\7.12.0\cucumber-java-7.12.0.jar(739067 bytes)
C:\Users\trema\.m2\repository\io\cucumber\cucumber-junit-platform-engine\7.12.0\cucumber-junit-platform-engine-7.12.0.jar(52459 bytes)
C:\Users\trema\.m2\repository\com\aventstack\extentreports\5.1.1\extentreports-5.1.1.jar(1012461 bytes)
C:\Users\trema\.m2\repository\org\aspectj\aspectjweaver\1.9.2\aspectjweaver-1.9.2.jar(2058984 bytes)
C:\Users\trema\.m2\repository\org\aspectj\aspectjrt\1.9.2\aspectjrt-1.9.2.jar(122512 bytes)
C:\Users\trema\.m2\repository\org\opentest4j\opentest4j\1.2.0\opentest4j-1.2.0.jar(7653 bytes)
C:\Users\trema\.m2\repository\org\junit\platform\junit-platform-commons\1.9.3\junit-platform-commons-1.9.3.jar(102989 bytes)
C:\Users\trema\.m2\repository\org\apiguardian\apiguardian-api\1.1.2\apiguardian-api-1.1.2.jar(6806 bytes)
C:\Users\trema\.m2\repository\org\apache\logging\log4j\log4j-api\2.20.0\log4j-api-2.20.0.jar(313296 bytes)
C:\Users\trema\.m2\repository\org\slf4j\slf4j-api\2.0.6\slf4j-api-2.0.6.jar(62531 bytes)
C:\Users\trema\.m2\repository\org\seleniumhq\selenium\selenium-api\4.9.1\selenium-api-4.9.1.jar(220902 bytes)
C:\Users\trema\.m2\repository\org\seleniumhq\selenium\selenium-chrome-driver\4.9.1\selenium-chrome-driver-4.9.1.jar(17453 bytes)
C:\Users\trema\.m2\repository\com\google\auto\service\auto-service-annotations\1.0.1\auto-service-annotations-1.0.1.jar(3174 bytes)
C:\Users\trema\.m2\repository\com\google\auto\service\auto-service\1.0.1\auto-service-1.0.1.jar(12617 bytes)
C:\Users\trema\.m2\repository\com\google\auto\auto-common\1.2\auto-common-1.2.jar(110952 bytes)
C:\Users\trema\.m2\repository\com\google\guava\guava\31.1-jre\guava-31.1-jre.jar(2959479 bytes)
C:\Users\trema\.m2\repository\com\google\guava\failureaccess\1.0.1\failureaccess-1.0.1.jar(4617 bytes)
C:\Users\trema\.m2\repository\com\google\guava\listenablefuture\9999.0-empty-to-avoid-conflict-with-guava\listenablefuture-9999.0-empty-to-avoid-conflict-with-guava.jar(2199 bytes)
C:\Users\trema\.m2\repository\com\google\code\findbugs\jsr305\3.0.2\jsr305-3.0.2.jar(19936 bytes)
C:\Users\trema\.m2\repository\org\checkerframework\checker-qual\3.12.0\checker-qual-3.12.0.jar(208835 bytes)
C:\Users\trema\.m2\repository\com\google\errorprone\error_prone_annotations\2.11.0\error_prone_annotations-2.11.0.jar(15979 bytes)
C:\Users\trema\.m2\repository\com\google\j2objc\j2objc-annotations\1.3\j2objc-annotations-1.3.jar(8781 bytes)
C:\Users\trema\.m2\repository\org\seleniumhq\selenium\selenium-chromium-driver\4.9.1\selenium-chromium-driver-4.9.1.jar(32598 bytes)
C:\Users\trema\.m2\repository\org\seleniumhq\selenium\selenium-json\4.9.1\selenium-json-4.9.1.jar(69469 bytes)
C:\Users\trema\.m2\repository\org\seleniumhq\selenium\selenium-manager\4.9.1\selenium-manager-4.9.1.jar(5517013 bytes)
C:\Users\trema\.m2\repository\org\seleniumhq\selenium\selenium-devtools-v111\4.9.1\selenium-devtools-v111-4.9.1.jar(1475460 bytes)
C:\Users\trema\.m2\repository\org\seleniumhq\selenium\selenium-devtools-v112\4.9.1\selenium-devtools-v112-4.9.1.jar(1486082 bytes)
C:\Users\trema\.m2\repository\org\seleniumhq\selenium\selenium-devtools-v113\4.9.1\selenium-devtools-v113-4.9.1.jar(1512708 bytes)
C:\Users\trema\.m2\repository\org\seleniumhq\selenium\selenium-devtools-v85\4.9.1\selenium-devtools-v85-4.9.1.jar(1136887 bytes)
C:\Users\trema\.m2\repository\org\seleniumhq\selenium\selenium-edge-driver\4.9.1\selenium-edge-driver-4.9.1.jar(15268 bytes)
C:\Users\trema\.m2\repository\org\seleniumhq\selenium\selenium-firefox-driver\4.9.1\selenium-firefox-driver-4.9.1.jar(81461 bytes)
C:\Users\trema\.m2\repository\org\seleniumhq\selenium\selenium-http\4.9.1\selenium-http-4.9.1.jar(59732 bytes)
C:\Users\trema\.m2\repository\dev\failsafe\failsafe\3.3.1\failsafe-3.3.1.jar(143999 bytes)
C:\Users\trema\.m2\repository\org\seleniumhq\selenium\selenium-ie-driver\4.9.1\selenium-ie-driver-4.9.1.jar(16889 bytes)
C:\Users\trema\.m2\repository\org\seleniumhq\selenium\selenium-remote-driver\4.9.1\selenium-remote-driver-4.9.1.jar(474360 bytes)
C:\Users\trema\.m2\repository\com\beust\jcommander\1.82\jcommander-1.82.jar(88407 bytes)
C:\Users\trema\.m2\repository\io\netty\netty-buffer\4.1.91.Final\netty-buffer-4.1.91.Final.jar(305437 bytes)
C:\Users\trema\.m2\repository\io\netty\netty-codec-http\4.1.91.Final\netty-codec-http-4.1.91.Final.jar(655887 bytes)
C:\Users\trema\.m2\repository\io\netty\netty-codec\4.1.91.Final\netty-codec-4.1.91.Final.jar(345167 bytes)
C:\Users\trema\.m2\repository\io\netty\netty-handler\4.1.91.Final\netty-handler-4.1.91.Final.jar(551958 bytes)
C:\Users\trema\.m2\repository\io\netty\netty-common\4.1.91.Final\netty-common-4.1.91.Final.jar(659057 bytes)
C:\Users\trema\.m2\repository\io\netty\netty-transport-classes-epoll\4.1.91.Final\netty-transport-classes-epoll-4.1.91.Final.jar(145052 bytes)
C:\Users\trema\.m2\repository\io\netty\netty-transport-classes-kqueue\4.1.91.Final\netty-transport-classes-kqueue-4.1.91.Final.jar(108283 bytes)
C:\Users\trema\.m2\repository\io\netty\netty-transport-native-epoll\4.1.91.Final\netty-transport-native-epoll-4.1.91.Final.jar(5660 bytes)
C:\Users\trema\.m2\repository\io\netty\netty-transport-native-kqueue\4.1.91.Final\netty-transport-native-kqueue-4.1.91.Final.jar(5690 bytes)
C:\Users\trema\.m2\repository\io\netty\netty-transport-native-unix-common\4.1.91.Final\netty-transport-native-unix-common-4.1.91.Final.jar(43783 bytes)
C:\Users\trema\.m2\repository\io\netty\netty-transport\4.1.91.Final\netty-transport-4.1.91.Final.jar(488632 bytes)
C:\Users\trema\.m2\repository\io\netty\netty-resolver\4.1.91.Final\netty-resolver-4.1.91.Final.jar(37788 bytes)
C:\Users\trema\.m2\repository\io\opentelemetry\opentelemetry-api\1.25.0\opentelemetry-api-1.25.0.jar(129563 bytes)
C:\Users\trema\.m2\repository\io\opentelemetry\opentelemetry-context\1.25.0\opentelemetry-context-1.25.0.jar(47185 bytes)
C:\Users\trema\.m2\repository\io\opentelemetry\opentelemetry-exporter-logging\1.25.0\opentelemetry-exporter-logging-1.25.0.jar(11116 bytes)
C:\Users\trema\.m2\repository\io\opentelemetry\opentelemetry-sdk-metrics\1.25.0\opentelemetry-sdk-metrics-1.25.0.jar(252535 bytes)
C:\Users\trema\.m2\repository\io\opentelemetry\opentelemetry-sdk-logs\1.25.0-alpha\opentelemetry-sdk-logs-1.25.0-alpha.jar(47430 bytes)
C:\Users\trema\.m2\repository\io\opentelemetry\opentelemetry-api-logs\1.25.0-alpha\opentelemetry-api-logs-1.25.0-alpha.jar(9742 bytes)
C:\Users\trema\.m2\repository\io\opentelemetry\opentelemetry-api-events\1.25.0-alpha\opentelemetry-api-events-1.25.0-alpha.jar(6027 bytes)
C:\Users\trema\.m2\repository\io\opentelemetry\opentelemetry-sdk-common\1.25.0\opentelemetry-sdk-common-1.25.0.jar(36899 bytes)
C:\Users\trema\.m2\repository\io\opentelemetry\opentelemetry-sdk-extension-autoconfigure-spi\1.25.0\opentelemetry-sdk-extension-autoconfigure-spi-1.25.0.jar(16318 bytes)
C:\Users\trema\.m2\repository\io\opentelemetry\opentelemetry-sdk-extension-autoconfigure\1.25.0-alpha\opentelemetry-sdk-extension-autoconfigure-1.25.0-alpha.jar(37659 bytes)
C:\Users\trema\.m2\repository\io\opentelemetry\opentelemetry-sdk-trace\1.25.0\opentelemetry-sdk-trace-1.25.0.jar(116977 bytes)
C:\Users\trema\.m2\repository\io\opentelemetry\opentelemetry-sdk\1.25.0\opentelemetry-sdk-1.25.0.jar(5914 bytes)
C:\Users\trema\.m2\repository\io\opentelemetry\opentelemetry-semconv\1.25.0-alpha\opentelemetry-semconv-1.25.0-alpha.jar(37268 bytes)
C:\Users\trema\.m2\repository\io\ous\jtoml\2.0.0\jtoml-2.0.0.jar(24744 bytes)
C:\Users\trema\.m2\repository\net\bytebuddy\byte-buddy\1.14.4\byte-buddy-1.14.4.jar(4191680 bytes)
C:\Users\trema\.m2\repository\org\apache\commons\commons-exec\1.3\commons-exec-1.3.jar(54423 bytes)
C:\Users\trema\.m2\repository\org\asynchttpclient\async-http-client\2.12.3\async-http-client-2.12.3.jar(451655 bytes)
C:\Users\trema\.m2\repository\org\asynchttpclient\async-http-client-netty-utils\2.12.3\async-http-client-netty-utils-2.12.3.jar(9939 bytes)
C:\Users\trema\.m2\repository\io\netty\netty-codec-socks\4.1.60.Final\netty-codec-socks-4.1.60.Final.jar(119089 bytes)
C:\Users\trema\.m2\repository\io\netty\netty-handler-proxy\4.1.60.Final\netty-handler-proxy-4.1.60.Final.jar(23961 bytes)
C:\Users\trema\.m2\repository\io\netty\netty-transport-native-epoll\4.1.60.Final\netty-transport-native-epoll-4.1.60.Final-linux-x86_64.jar(157238 bytes)
C:\Users\trema\.m2\repository\io\netty\netty-transport-native-kqueue\4.1.60.Final\netty-transport-native-kqueue-4.1.60.Final-osx-x86_64.jar(112814 bytes)
C:\Users\trema\.m2\repository\com\typesafe\netty\netty-reactive-streams\2.0.4\netty-reactive-streams-2.0.4.jar(21842 bytes)
C:\Users\trema\.m2\repository\com\sun\activation\jakarta.activation\1.2.2\jakarta.activation-1.2.2.jar(68453 bytes)
C:\Users\trema\.m2\repository\org\seleniumhq\selenium\selenium-safari-driver\4.9.1\selenium-safari-driver-4.9.1.jar(26683 bytes)
C:\Users\trema\.m2\repository\org\seleniumhq\selenium\selenium-support\4.9.1\selenium-support-4.9.1.jar(199053 bytes)
C:\Users\trema\.m2\repository\io\cucumber\cucumber-core\7.12.0\cucumber-core-7.12.0.jar(2916329 bytes)
C:\Users\trema\.m2\repository\io\cucumber\cucumber-gherkin\7.12.0\cucumber-gherkin-7.12.0.jar(7318 bytes)
C:\Users\trema\.m2\repository\io\cucumber\cucumber-gherkin-messages\7.12.0\cucumber-gherkin-messages-7.12.0.jar(28120 bytes)
C:\Users\trema\.m2\repository\io\cucumber\gherkin\26.2.0\gherkin-26.2.0.jar(111240 bytes)
C:\Users\trema\.m2\repository\io\cucumber\messages\22.0.0\messages-22.0.0.jar(90139 bytes)
C:\Users\trema\.m2\repository\io\cucumber\tag-expressions\5.0.1\tag-expressions-5.0.1.jar(13219 bytes)
C:\Users\trema\.m2\repository\io\cucumber\cucumber-expressions\16.1.2\cucumber-expressions-16.1.2.jar(78503 bytes)
C:\Users\trema\.m2\repository\io\cucumber\datatable\7.12.0\datatable-7.12.0.jar(108337 bytes)
C:\Users\trema\.m2\repository\io\cucumber\cucumber-plugin\7.12.0\cucumber-plugin-7.12.0.jar(33108 bytes)
C:\Users\trema\.m2\repository\io\cucumber\docstring\7.12.0\docstring-7.12.0.jar(11853 bytes)
C:\Users\trema\.m2\repository\io\cucumber\html-formatter\20.3.0\html-formatter-20.3.0.jar(582916 bytes)
C:\Users\trema\.m2\repository\io\cucumber\junit-xml-formatter\0.2.0\junit-xml-formatter-0.2.0.jar(17008 bytes)
C:\Users\trema\.m2\repository\io\cucumber\ci-environment\9.2.0\ci-environment-9.2.0.jar(49703 bytes)
C:\Users\trema\.m2\repository\io\reactivex\rxjava3\rxjava\3.1.6\rxjava-3.1.6.jar(2659416 bytes)
C:\Users\trema\.m2\repository\org\reactivestreams\reactive-streams\1.0.4\reactive-streams-1.0.4.jar(11640 bytes)
C:\Users\trema\.m2\repository\org\freemarker\freemarker\2.3.32\freemarker-2.3.32.jar(1736381 bytes)
C:\Users\trema\.m2\repository\org\projectlombok\lombok\1.18.26\lombok-1.18.26.jar(1975593 bytes)
C:\Users\trema\.m2\repository\com\google\code\gson\gson\2.10.1\gson-2.10.1.jar(283367 bytes)
C:\Git\JavaFrameworkDemo\target\classes(4 entries)
---- Compiler Messages ---
warning bad version number found in C:\Users\trema\.m2\repository\org\aspectj\aspectjrt\1.9.2\aspectjrt-1.9.2.jar expected 1.6.11 found 1.9.2
info Pipelining compilation
info compiling C:\Git\JavaFrameworkDemo\src\main\java\org\example\junit\extensions\DebugExtension.java
error at (no source information available)
C:\Git\JavaFrameworkDemo\src\main\java\org\example\junit\extensions\DebugExtension.java:1:0::0 The type java.lang.Object cannot be resolved. It is indirectly referenced from required .class files
error at (no source information available)
C:\Git\JavaFrameworkDemo\src\main\java\org\example\junit\extensions\DebugExtension.java:1:0::0 The type java.lang.Class cannot be resolved. It is indirectly referenced from required .class files
error at (no source information available)
C:\Git\JavaFrameworkDemo\src\main\java\org\example\junit\extensions\DebugExtension.java:1:0::0 The type java.lang.String cannot be resolved. It is indirectly referenced from required .class files
error at public class DebugExtension implements BeforeEachCallback, AfterEachCallback {
             ^^^^^^^^^^^^^
C:\Git\JavaFrameworkDemo\src\main\java\org\example\junit\extensions\DebugExtension.java:10:0::0 The hierarchy of the type DebugExtension is inconsistent
error at public DebugExtension() {
       ^^^^^^^^^^^
C:\Git\JavaFrameworkDemo\src\main\java\org\example\junit\extensions\DebugExtension.java:14:0::0 Implicit super constructor Object() is undefined. Must explicitly invoke another constructor
error at this.log = LogManager.getLogger(getClass());
                                
C:\Git\JavaFrameworkDemo\src\main\java\org\example\junit\extensions\DebugExtension.java:15:0::0 The method getClass() is undefined for the type DebugExtension
error at @Override
^^^^
C:\Git\JavaFrameworkDemo\src\main\java\org\example\junit\extensions\DebugExtension.java:18:0::0 Syntax error, annotations are only available if source level is 5.0
error at @Override
 ^^^
C:\Git\JavaFrameworkDemo\src\main\java\org\example\junit\extensions\DebugExtension.java:18:0::0 Override cannot be resolved to a type
error at log.info("Starting execution of the test case: " + extensionContext.getDisplayName());
^^^^^^^^^^^^^^^^^^^^^^^^^^^^^^^^^^^^^^^^^^^^^^^^^^^^^^^^^^^^^^^^^^^^^^^^^^^^
C:\Git\JavaFrameworkDemo\src\main\java\org\example\junit\extensions\DebugExtension.java:20:0::0 The type java.lang.CharSequence cannot be resolved. It is indirectly referenced from required .class files
error at @Override
^^^^
C:\Git\JavaFrameworkDemo\src\main\java\org\example\junit\extensions\DebugExtension.java:23:0::0 Syntax error, annotations are only available if source level is 5.0
error at @Override
 ^^^
C:\Git\JavaFrameworkDemo\src\main\java\org\example\junit\extensions\DebugExtension.java:23:0::0 Override cannot be resolved to a type
info compiling C:\Git\JavaFrameworkDemo\src\main\java\org\example\pages\automationexercise\AutomationExerciseCheckoutPage.java
error at public class AutomationExerciseCheckoutPage extends Page<AutomationExerciseCheckoutPage> {
                                                    ^^^
C:\Git\JavaFrameworkDemo\src\main\java\org\example\pages\automationexercise\AutomationExerciseCheckoutPage.java:6:0::0 The type Page is not generic; it cannot be parameterized with arguments <AutomationExerciseCheckoutPage>
error at public class AutomationExerciseCheckoutPage extends Page<AutomationExerciseCheckoutPage> {
                                                         ^^^^^^^^^^^^^^^^^^^^^^^^^^^^^
C:\Git\JavaFrameworkDemo\src\main\java\org\example\pages\automationexercise\AutomationExerciseCheckoutPage.java:6:0::0 Syntax error, parameterized types are only available if source level is 5.0
error at super(driver);
^^^^^
C:\Git\JavaFrameworkDemo\src\main\java\org\example\pages\automationexercise\AutomationExerciseCheckoutPage.java:9:0::0 The constructor Object(WebDriver) is undefined
error at @Override
^^^^
C:\Git\JavaFrameworkDemo\src\main\java\org\example\pages\automationexercise\AutomationExerciseCheckoutPage.java:12:0::0 Syntax error, annotations are only available if source level is 5.0
error at @Override
 ^^^
C:\Git\JavaFrameworkDemo\src\main\java\org\example\pages\automationexercise\AutomationExerciseCheckoutPage.java:12:0::0 Override cannot be resolved to a type
error at driver.get("https://www.automationexercise.com/checkout");

C:\Git\JavaFrameworkDemo\src\main\java\org\example\pages\automationexercise\AutomationExerciseCheckoutPage.java:14:0::0 driver cannot be resolved
error at @Override
^^^^
C:\Git\JavaFrameworkDemo\src\main\java\org\example\pages\automationexercise\AutomationExerciseCheckoutPage.java:17:0::0 Syntax error, annotations are only available if source level is 5.0
error at @Override
 ^^^
C:\Git\JavaFrameworkDemo\src\main\java\org\example\pages\automationexercise\AutomationExerciseCheckoutPage.java:17:0::0 Override cannot be resolved to a type
error at assert driver.getTitle().contains("Checkout");

C:\Git\JavaFrameworkDemo\src\main\java\org\example\pages\automationexercise\AutomationExerciseCheckoutPage.java:19:0::0 assert cannot be resolved to a type
error at assert driver.getTitle().contains("Checkout");
             
C:\Git\JavaFrameworkDemo\src\main\java\org\example\pages\automationexercise\AutomationExerciseCheckoutPage.java:19:0::0 Syntax error on token ".", ; expected
error at assert driver.getTitle().contains("Checkout");
              
C:\Git\JavaFrameworkDemo\src\main\java\org\example\pages\automationexercise\AutomationExerciseCheckoutPage.java:19:0::0 The method getTitle() is undefined for the type AutomationExerciseCheckoutPage
info compiling C:\Git\JavaFrameworkDemo\src\main\java\org\example\pages\automationexercise\AutomationExerciseHomePage.java
error at (no source information available)
C:\Git\JavaFrameworkDemo\src\main\java\org\example\pages\automationexercise\AutomationExerciseHomePage.java:1:0::0 The type java.lang.Enum cannot be resolved. It is indirectly referenced from required .class files
error at import org.openqa.selenium.support.ui.ExpectedConditions;
       ^^^^^^^^^^^^^^^^^^^^^^^^^^^^^^^^^^^^^^^^^^^^^^^^
C:\Git\JavaFrameworkDemo\src\main\java\org\example\pages\automationexercise\AutomationExerciseHomePage.java:8:0::0 The import org.openqa.selenium.support.ui.ExpectedConditions cannot be resolved
error at import static org.junit.jupiter.api.Assertions.assertTrue;
^^^^^^^^^^^^^^^^^^^^^^^^^^^^^^^^^^^^^^^^^^^^^^^^^^^^^^^^^
C:\Git\JavaFrameworkDemo\src\main\java\org\example\pages\automationexercise\AutomationExerciseHomePage.java:10:0::0 Syntax error, static imports are only available if source level is 5.0
error at import static org.junit.jupiter.api.Assertions.assertTrue;
              ^^^^^^^^^^^^^^^^^^^^^^^^^^^^^^^^^^^^^^^^^^
C:\Git\JavaFrameworkDemo\src\main\java\org\example\pages\automationexercise\AutomationExerciseHomePage.java:10:0::0 The import org.junit.jupiter.api.Assertions.assertTrue cannot be resolved
error at public class AutomationExerciseHomePage extends Page<AutomationExerciseHomePage> {
                                                ^^^
C:\Git\JavaFrameworkDemo\src\main\java\org\example\pages\automationexercise\AutomationExerciseHomePage.java:12:0::0 The type Page is not generic; it cannot be parameterized with arguments <AutomationExerciseHomePage>
error at public class AutomationExerciseHomePage extends Page<AutomationExerciseHomePage> {
                                                     ^^^^^^^^^^^^^^^^^^^^^^^^^
C:\Git\JavaFrameworkDemo\src\main\java\org\example\pages\automationexercise\AutomationExerciseHomePage.java:12:0::0 Syntax error, parameterized types are only available if source level is 5.0
error at static final String loginLocator = ".//a[@href=\"/login\"]";
             ^
C:\Git\JavaFrameworkDemo\src\main\java\org\example\pages\automationexercise\AutomationExerciseHomePage.java:14:0::0 String cannot be resolved to a type
error at @FindBy(how = How.XPATH, using = loginLocator)
^^
C:\Git\JavaFrameworkDemo\src\main\java\org\example\pages\automationexercise\AutomationExerciseHomePage.java:16:0::0 Syntax error, annotations are only available if source level is 5.0
error at @FindBy(how = How.XPATH, using = loginLocator)
                                 ^^^^^^^
C:\Git\JavaFrameworkDemo\src\main\java\org\example\pages\automationexercise\AutomationExerciseHomePage.java:16:0::0 loginLocator cannot be resolved
error at super(driver);
^^^^^
C:\Git\JavaFrameworkDemo\src\main\java\org\example\pages\automationexercise\AutomationExerciseHomePage.java:20:0::0 The constructor Object(WebDriver) is undefined
error at @Override
^^^^
C:\Git\JavaFrameworkDemo\src\main\java\org\example\pages\automationexercise\AutomationExerciseHomePage.java:23:0::0 Syntax error, annotations are only available if source level is 5.0
error at @Override
 ^^^
C:\Git\JavaFrameworkDemo\src\main\java\org\example\pages\automationexercise\AutomationExerciseHomePage.java:23:0::0 Override cannot be resolved to a type
error at driver.get("https://www.automationexercise.com/");

C:\Git\JavaFrameworkDemo\src\main\java\org\example\pages\automationexercise\AutomationExerciseHomePage.java:25:0::0 driver cannot be resolved
error at @Override
^^^^
C:\Git\JavaFrameworkDemo\src\main\java\org\example\pages\automationexercise\AutomationExerciseHomePage.java:28:0::0 Syntax error, annotations are only available if source level is 5.0
error at @Override
 ^^^
C:\Git\JavaFrameworkDemo\src\main\java\org\example\pages\automationexercise\AutomationExerciseHomePage.java:28:0::0 Override cannot be resolved to a type
error at assertTrue(driver.getTitle().contains("Automation Exercise"));
           
C:\Git\JavaFrameworkDemo\src\main\java\org\example\pages\automationexercise\AutomationExerciseHomePage.java:30:0::0 driver cannot be resolved
error at wait.until(ExpectedConditions.visibilityOf(loginLink));

C:\Git\JavaFrameworkDemo\src\main\java\org\example\pages\automationexercise\AutomationExerciseHomePage.java:34:0::0 wait cannot be resolved
error at wait.until(ExpectedConditions.visibilityOf(loginLink));
           ^^^^^^^^^
C:\Git\JavaFrameworkDemo\src\main\java\org\example\pages\automationexercise\AutomationExerciseHomePage.java:34:0::0 ExpectedConditions cannot be resolved
info compiling C:\Git\JavaFrameworkDemo\src\main\java\org\example\pages\automationexercise\AutomationExercisePage.java
error at import org.openqa.selenium.JavascriptExecutor;
       ^^^^^^^^^^^^^^^^^^^^^^^^^^^^^^^^^^^^^
C:\Git\JavaFrameworkDemo\src\main\java\org\example\pages\automationexercise\AutomationExercisePage.java:4:0::0 The import org.openqa.selenium.JavascriptExecutor cannot be resolved
error at import org.openqa.selenium.support.ui.ExpectedConditions;
       ^^^^^^^^^^^^^^^^^^^^^^^^^^^^^^^^^^^^^^^^^^^^^^^^
C:\Git\JavaFrameworkDemo\src\main\java\org\example\pages\automationexercise\AutomationExercisePage.java:9:0::0 The import org.openqa.selenium.support.ui.ExpectedConditions cannot be resolved
error at import static org.junit.jupiter.api.Assertions.assertTrue;
^^^^^^^^^^^^^^^^^^^^^^^^^^^^^^^^^^^^^^^^^^^^^^^^^^^^^^^^^
C:\Git\JavaFrameworkDemo\src\main\java\org\example\pages\automationexercise\AutomationExercisePage.java:11:0::0 Syntax error, static imports are only available if source level is 5.0
error at import static org.junit.jupiter.api.Assertions.assertTrue;
              ^^^^^^^^^^^^^^^^^^^^^^^^^^^^^^^^^^^^^^^^^^
C:\Git\JavaFrameworkDemo\src\main\java\org\example\pages\automationexercise\AutomationExercisePage.java:11:0::0 The import org.junit.jupiter.api.Assertions.assertTrue cannot be resolved
error at public abstract class AutomationExercisePage extends Page<AutomationExercisePage> {
                                                     ^^^
C:\Git\JavaFrameworkDemo\src\main\java\org\example\pages\automationexercise\AutomationExercisePage.java:13:0::0 The type Page is not generic; it cannot be parameterized with arguments <AutomationExercisePage>
error at public abstract class AutomationExercisePage extends Page<AutomationExercisePage> {
                                                          ^^^^^^^^^^^^^^^^^^^^^
C:\Git\JavaFrameworkDemo\src\main\java\org\example\pages\automationexercise\AutomationExercisePage.java:13:0::0 Syntax error, parameterized types are only available if source level is 5.0
error at super(driver);
^^^^^
C:\Git\JavaFrameworkDemo\src\main\java\org\example\pages\automationexercise\AutomationExercisePage.java:16:0::0 The constructor Object(WebDriver) is undefined
error at ((JavascriptExecutor) driver).executeScript(
  ^^^^^^^^^
C:\Git\JavaFrameworkDemo\src\main\java\org\example\pages\automationexercise\AutomationExercisePage.java:24:0::0 JavascriptExecutor cannot be resolved to a type
error at ((JavascriptExecutor) driver).executeScript(
                      
C:\Git\JavaFrameworkDemo\src\main\java\org\example\pages\automationexercise\AutomationExercisePage.java:24:0::0 driver cannot be resolved
error at ((JavascriptExecutor) driver).executeScript(
  ^^^^^^^^^
C:\Git\JavaFrameworkDemo\src\main\java\org\example\pages\automationexercise\AutomationExercisePage.java:29:0::0 JavascriptExecutor cannot be resolved to a type
error at ((JavascriptExecutor) driver).executeScript(
                      
C:\Git\JavaFrameworkDemo\src\main\java\org\example\pages\automationexercise\AutomationExercisePage.java:29:0::0 driver cannot be resolved
info compiling C:\Git\JavaFrameworkDemo\src\main\java\org\example\pages\automationexercise\AutomationExerciseSecuredPage.java
error at (no source information available)
C:\Git\JavaFrameworkDemo\src\main\java\org\example\pages\automationexercise\AutomationExerciseSecuredPage.java:1:0::0 The type org.openqa.selenium.JavascriptExecutor cannot be resolved. It is indirectly referenced from required .class files
error at import static org.junit.jupiter.api.Assertions.assertTrue;
^^^^^^^^^^^^^^^^^^^^^^^^^^^^^^^^^^^^^^^^^^^^^^^^^^^^^^^^^
C:\Git\JavaFrameworkDemo\src\main\java\org\example\pages\automationexercise\AutomationExerciseSecuredPage.java:13:0::0 Syntax error, static imports are only available if source level is 5.0
error at import static org.junit.jupiter.api.Assertions.fail;
^^^^^^^^^^^^^^^^^^^^^^^^^^^^^^^^^^^^^^^^^^^^^^^^^^^
C:\Git\JavaFrameworkDemo\src\main\java\org\example\pages\automationexercise\AutomationExerciseSecuredPage.java:14:0::0 Syntax error, static imports are only available if source level is 5.0
error at public class AutomationExerciseSecuredPage extends Page<AutomationExerciseSecuredPage> {
                                                   ^^^
C:\Git\JavaFrameworkDemo\src\main\java\org\example\pages\automationexercise\AutomationExerciseSecuredPage.java:16:0::0 The type Page is not generic; it cannot be parameterized with arguments <AutomationExerciseSecuredPage>
error at public class AutomationExerciseSecuredPage extends Page<AutomationExerciseSecuredPage> {
                                                        ^^^^^^^^^^^^^^^^^^^^^^^^^^^^
C:\Git\JavaFrameworkDemo\src\main\java\org\example\pages\automationexercise\AutomationExerciseSecuredPage.java:16:0::0 Syntax error, parameterized types are only available if source level is 5.0
error at public AutomationExerciseSecuredPage(WebDriver driver, LoadableComponent<?> parent, String username, String password) {
                                                                         
C:\Git\JavaFrameworkDemo\src\main\java\org\example\pages\automationexercise\AutomationExerciseSecuredPage.java:23:0::0 Syntax error, parameterized types are only available if source level is 5.0
error at @Override
^^^^
C:\Git\JavaFrameworkDemo\src\main\java\org\example\pages\automationexercise\AutomationExerciseSecuredPage.java:29:0::0 Syntax error, annotations are only available if source level is 5.0
error at @Override
^^^^
C:\Git\JavaFrameworkDemo\src\main\java\org\example\pages\automationexercise\AutomationExerciseSecuredPage.java:35:0::0 Syntax error, annotations are only available if source level is 5.0
abort ABORT -- (ClassFormatException) File: 'org/openqa/selenium/WebDriverException.class': Invalid byte tag in constant pool: 18
File: 'org/openqa/selenium/WebDriverException.class': Invalid byte tag in constant pool: 18
org.aspectj.apache.bcel.classfile.ClassFormatException: File: 'org/openqa/selenium/WebDriverException.class': Invalid byte tag in constant pool: 18
	at org.aspectj.apache.bcel.classfile.ClassParser.readConstantPool(ClassParser.java:192)
	at org.aspectj.apache.bcel.classfile.ClassParser.parse(ClassParser.java:131)
	at org.aspectj.weaver.bcel.BcelWorld.lookupJavaClass(BcelWorld.java:424)
	at org.aspectj.weaver.bcel.BcelWorld.resolveDelegate(BcelWorld.java:376)
	at org.aspectj.weaver.World.resolveToReferenceType(World.java:467)
	at org.aspectj.weaver.World.resolve(World.java:308)
	at org.aspectj.weaver.World.resolve(World.java:218)
	at org.aspectj.weaver.bcel.BcelObjectType.getSuperclass(BcelObjectType.java:236)
	at org.aspectj.weaver.ReferenceType.getSuperclass(ReferenceType.java:906)
	at org.aspectj.weaver.ResolvedType.getDirectSupertypes(ResolvedType.java:77)
	at org.aspectj.weaver.ResolvedType.collectInterTypeMungers(ResolvedType.java:1390)
	at org.aspectj.weaver.ResolvedType.collectInterTypeMungers(ResolvedType.java:1395)
	at org.aspectj.weaver.ResolvedType.getInterTypeMungersIncludingSupers(ResolvedType.java:1371)
	at org.aspectj.weaver.ResolvedType.checkInterTypeMungers(ResolvedType.java:1442)
	at org.aspectj.ajdt.internal.compiler.lookup.AjLookupEnvironment.weaveInterTypeDeclarations(AjLookupEnvironment.java:809)
	at org.aspectj.ajdt.internal.compiler.lookup.AjLookupEnvironment.weaveInterTypeDeclarations(AjLookupEnvironment.java:652)
	at org.aspectj.ajdt.internal.compiler.lookup.AjLookupEnvironment.createBinaryTypeFrom(AjLookupEnvironment.java:1398)
	at org.aspectj.org.eclipse.jdt.internal.compiler.lookup.LookupEnvironment.createBinaryTypeFrom(LookupEnvironment.java:599)
	at org.aspectj.org.eclipse.jdt.internal.compiler.Compiler.accept(Compiler.java:276)
	at org.aspectj.org.eclipse.jdt.internal.compiler.lookup.LookupEnvironment.askForType(LookupEnvironment.java:139)
	at org.aspectj.org.eclipse.jdt.internal.compiler.lookup.PackageBinding.getTypeOrPackage(PackageBinding.java:178)
	at org.aspectj.org.eclipse.jdt.internal.compiler.lookup.CompilationUnitScope.findImport(CompilationUnitScope.java:451)
	at org.aspectj.org.eclipse.jdt.internal.compiler.lookup.CompilationUnitScope.findSingleImport(CompilationUnitScope.java:505)
	at org.aspectj.org.eclipse.jdt.internal.compiler.lookup.CompilationUnitScope.faultInImports(CompilationUnitScope.java:361)
	at org.aspectj.org.eclipse.jdt.internal.compiler.lookup.CompilationUnitScope.faultInTypes(CompilationUnitScope.java:430)
	at org.aspectj.org.eclipse.jdt.internal.compiler.Compiler.process(Compiler.java:629)
	at org.aspectj.org.eclipse.jdt.internal.compiler.Compiler.compile(Compiler.java:392)
	at org.aspectj.ajdt.internal.core.builder.AjBuildManager.performCompilation(AjBuildManager.java:1021)
	at org.aspectj.ajdt.internal.core.builder.AjBuildManager.performBuild(AjBuildManager.java:268)
	at org.aspectj.ajdt.internal.core.builder.AjBuildManager.batchBuild(AjBuildManager.java:181)
	at org.aspectj.ajdt.ajc.AjdtCommand.doCommand(AjdtCommand.java:112)
	at org.aspectj.ajdt.ajc.AjdtCommand.runCommand(AjdtCommand.java:60)
	at org.aspectj.tools.ajc.Main.run(Main.java:371)
	at org.aspectj.tools.ajc.Main.runMain(Main.java:248)
	at org.codehaus.mojo.aspectj.AbstractAjcCompiler.execute(AbstractAjcCompiler.java:405)
	at org.apache.maven.plugin.DefaultBuildPluginManager.executeMojo(DefaultBuildPluginManager.java:137)
	at org.apache.maven.lifecycle.internal.MojoExecutor.execute(MojoExecutor.java:210)
	at org.apache.maven.lifecycle.internal.MojoExecutor.execute(MojoExecutor.java:156)
	at org.apache.maven.lifecycle.internal.MojoExecutor.execute(MojoExecutor.java:148)
	at org.apache.maven.lifecycle.internal.LifecycleModuleBuilder.buildProject(LifecycleModuleBuilder.java:117)
	at org.apache.maven.lifecycle.internal.LifecycleModuleBuilder.buildProject(LifecycleModuleBuilder.java:81)
	at org.apache.maven.lifecycle.internal.builder.singlethreaded.SingleThreadedBuilder.build(SingleThreadedBuilder.java:56)
	at org.apache.maven.lifecycle.internal.LifecycleStarter.execute(LifecycleStarter.java:128)
	at org.apache.maven.DefaultMaven.doExecute(DefaultMaven.java:305)
	at org.apache.maven.DefaultMaven.doExecute(DefaultMaven.java:192)
	at org.apache.maven.DefaultMaven.execute(DefaultMaven.java:105)
	at org.apache.maven.cli.MavenCli.execute(MavenCli.java:957)
	at org.apache.maven.cli.MavenCli.doMain(MavenCli.java:289)
	at org.apache.maven.cli.MavenCli.main(MavenCli.java:193)
	at java.base/jdk.internal.reflect.NativeMethodAccessorImpl.invoke0(Native Method)
	at java.base/jdk.internal.reflect.NativeMethodAccessorImpl.invoke(NativeMethodAccessorImpl.java:62)
	at java.base/jdk.internal.reflect.DelegatingMethodAccessorImpl.invoke(DelegatingMethodAccessorImpl.java:43)
	at java.base/java.lang.reflect.Method.invoke(Method.java:566)
	at org.codehaus.plexus.classworlds.launcher.Launcher.launchEnhanced(Launcher.java:282)
	at org.codehaus.plexus.classworlds.launcher.Launcher.launch(Launcher.java:225)
	at org.codehaus.plexus.classworlds.launcher.Launcher.mainWithExitCode(Launcher.java:406)
	at org.codehaus.plexus.classworlds.launcher.Launcher.main(Launcher.java:347)
	at org.codehaus.classworlds.Launcher.main(Launcher.java:47)

