---- AspectJ Properties ---
AspectJ Compiler 1.9.7 built on Thursday Jun 24, 2021 at 16:14:45 PDT
---- Dump Properties ---
Dump file: ajcore.20240216.152039.843.txt
Dump reason: abort
Dump on exception: true
Dump at exit condition: abort
---- System Properties ---
sun.desktop=windows
awt.toolkit=sun.awt.windows.WToolkit
java.specification.version=11
sun.cpu.isalist=amd64
sun.jnu.encoding=Cp1252
java.class.path=C:\Program Files\JetBrains\IntelliJ IDEA Community Edition 2022.3.3\plugins\maven\lib\maven3\boot\plexus-classworlds-2.6.0.jar;C:\Program Files\JetBrains\IntelliJ IDEA Community Edition 2022.3.3\plugins\maven\lib\maven3\boot\plexus-classworlds.license
java.vm.vendor=Eclipse Adoptium
remote=false
sun.arch.data.model=64
user.variant=
java.vendor.url=https://adoptium.net/
user.timezone=America/Toronto
maven.conf=C:\Program Files\JetBrains\IntelliJ IDEA Community Edition 2022.3.3\plugins\maven\lib\maven3/conf
os.name=Windows 10
java.vm.specification.version=11
sun.java.launcher=SUN_STANDARD
user.country=CA
sun.boot.library.path=C:\Users\trema\.jdks\temurin-11.0.22\bin
sun.java.command=org.codehaus.classworlds.Launcher -Didea.version=2023.1 test -Dremote=false -Dbrowser=edge
jdk.debug=release
maven.home=C:\Program Files\JetBrains\IntelliJ IDEA Community Edition 2022.3.3\plugins\maven\lib\maven3
sun.cpu.endian=little
user.home=C:\Users\trema
user.language=en
java.specification.vendor=Oracle Corporation
java.version.date=2024-01-16
java.home=C:\Users\trema\.jdks\temurin-11.0.22
file.separator=\
java.vm.compressedOopsMode=Zero based
line.separator=

java.specification.name=Java Platform API Specification
java.vm.specification.vendor=Oracle Corporation
java.awt.graphicsenv=sun.awt.Win32GraphicsEnvironment
user.script=
sun.management.compiler=HotSpot 64-Bit Tiered Compilers
java.runtime.version=11.0.22+7
user.name=trema
path.separator=;
os.version=10.0
java.runtime.name=OpenJDK Runtime Environment
file.encoding=UTF-8
guice.disable.misplaced.annotation.check=true
browser=edge
java.vm.name=OpenJDK 64-Bit Server VM
java.vendor.version=Temurin-11.0.22+7
maven.ext.class.path=C:\Program Files\JetBrains\IntelliJ IDEA Community Edition 2022.3.3\plugins\maven\lib\maven-event-listener.jar
java.vendor.url.bug=https://github.com/adoptium/adoptium-support/issues
java.io.tmpdir=C:\Users\trema\AppData\Local\Temp\
idea.version=2023.1
java.version=11.0.22
user.dir=C:\Git\JavaFrameworkDemo
os.arch=amd64
maven.multiModuleProjectDirectory=C:\Git\JavaFrameworkDemo
jansi.passthrough=true
java.vm.specification.name=Java Virtual Machine Specification
java.awt.printerjob=sun.awt.windows.WPrinterJob
sun.os.patch.level=
java.library.path=C:\Users\trema\.jdks\temurin-11.0.22\bin;C:\WINDOWS\Sun\Java\bin;C:\WINDOWS\system32;C:\WINDOWS;D:\Oculus\Support\oculus-runtime;C:\Program Files\Common Files\Oracle\Java\javapath;C:\WINDOWS\system32;C:\WINDOWS;C:\WINDOWS\System32\Wbem;C:\WINDOWS\System32\WindowsPowerShell\v1.0\;C:\WINDOWS\System32\OpenSSH\;C:\Program Files (x86)\NVIDIA Corporation\PhysX\Common;C:\Program Files\Git\cmd;C:\Program Files\VSCodium\bin;C:\Program Files\Microsoft SQL Server\150\Tools\Binn\;C:\Program Files\Microsoft SQL Server\Client SDK\ODBC\170\Tools\Binn\;C:\Program Files\dotnet\;C:\Program Files\Docker\Docker\resources\bin;C:\Program Files\Mullvad VPN\resources;C:\Users\trema\AppData\Local\Programs\Python\Python310\Scripts\;C:\Users\trema\AppData\Local\Programs\Python\Python310\;C:\Users\trema\AppData\Local\Microsoft\WindowsApps;C:\Users\trema\.dotnet\tools;C:\Users\trema\Downloads\BuildTools-master\BuildTools-master\bin;;.
java.vm.info=mixed mode
java.vendor=Eclipse Adoptium
java.vm.version=11.0.22+7
java.specification.maintenance.version=2
classworlds.conf=C:\Program Files\JetBrains\IntelliJ IDEA Community Edition 2022.3.3\plugins\maven\lib\maven3\bin\m2.conf
sun.io.unicode.encoding=UnicodeLittle
java.class.version=55.0
---- Command Line ---
-Xajruntimetarget:1.5
-11
-encoding
UTF-8
-classpath
C:\Users\trema\.m2\repository\org\junit\jupiter\junit-jupiter-api\5.9.3\junit-jupiter-api-5.9.3.jar;C:\Users\trema\.m2\repository\org\opentest4j\opentest4j\1.2.0\opentest4j-1.2.0.jar;C:\Users\trema\.m2\repository\org\junit\platform\junit-platform-commons\1.9.3\junit-platform-commons-1.9.3.jar;C:\Users\trema\.m2\repository\org\apiguardian\apiguardian-api\1.1.2\apiguardian-api-1.1.2.jar;C:\Users\trema\.m2\repository\org\apache\logging\log4j\log4j-slf4j2-impl\2.20.0\log4j-slf4j2-impl-2.20.0.jar;C:\Users\trema\.m2\repository\org\apache\logging\log4j\log4j-api\2.20.0\log4j-api-2.20.0.jar;C:\Users\trema\.m2\repository\org\slf4j\slf4j-api\2.0.6\slf4j-api-2.0.6.jar;C:\Users\trema\.m2\repository\org\seleniumhq\selenium\selenium-java\4.9.1\selenium-java-4.9.1.jar;C:\Users\trema\.m2\repository\org\seleniumhq\selenium\selenium-api\4.9.1\selenium-api-4.9.1.jar;C:\Users\trema\.m2\repository\org\seleniumhq\selenium\selenium-chrome-driver\4.9.1\selenium-chrome-driver-4.9.1.jar;C:\Users\trema\.m2\repository\com\google\auto\service\auto-service-annotations\1.0.1\auto-service-annotations-1.0.1.jar;C:\Users\trema\.m2\repository\com\google\auto\service\auto-service\1.0.1\auto-service-1.0.1.jar;C:\Users\trema\.m2\repository\com\google\auto\auto-common\1.2\auto-common-1.2.jar;C:\Users\trema\.m2\repository\com\google\guava\guava\31.1-jre\guava-31.1-jre.jar;C:\Users\trema\.m2\repository\com\google\guava\failureaccess\1.0.1\failureaccess-1.0.1.jar;C:\Users\trema\.m2\repository\com\google\guava\listenablefuture\9999.0-empty-to-avoid-conflict-with-guava\listenablefuture-9999.0-empty-to-avoid-conflict-with-guava.jar;C:\Users\trema\.m2\repository\com\google\code\findbugs\jsr305\3.0.2\jsr305-3.0.2.jar;C:\Users\trema\.m2\repository\org\checkerframework\checker-qual\3.12.0\checker-qual-3.12.0.jar;C:\Users\trema\.m2\repository\com\google\errorprone\error_prone_annotations\2.11.0\error_prone_annotations-2.11.0.jar;C:\Users\trema\.m2\repository\com\google\j2objc\j2objc-annotations\1.3\j2objc-annotations-1.3.jar;C:\Users\trema\.m2\repository\org\seleniumhq\selenium\selenium-chromium-driver\4.9.1\selenium-chromium-driver-4.9.1.jar;C:\Users\trema\.m2\repository\org\seleniumhq\selenium\selenium-json\4.9.1\selenium-json-4.9.1.jar;C:\Users\trema\.m2\repository\org\seleniumhq\selenium\selenium-manager\4.9.1\selenium-manager-4.9.1.jar;C:\Users\trema\.m2\repository\org\seleniumhq\selenium\selenium-devtools-v111\4.9.1\selenium-devtools-v111-4.9.1.jar;C:\Users\trema\.m2\repository\org\seleniumhq\selenium\selenium-devtools-v112\4.9.1\selenium-devtools-v112-4.9.1.jar;C:\Users\trema\.m2\repository\org\seleniumhq\selenium\selenium-devtools-v113\4.9.1\selenium-devtools-v113-4.9.1.jar;C:\Users\trema\.m2\repository\org\seleniumhq\selenium\selenium-devtools-v85\4.9.1\selenium-devtools-v85-4.9.1.jar;C:\Users\trema\.m2\repository\org\seleniumhq\selenium\selenium-edge-driver\4.9.1\selenium-edge-driver-4.9.1.jar;C:\Users\trema\.m2\repository\org\seleniumhq\selenium\selenium-firefox-driver\4.9.1\selenium-firefox-driver-4.9.1.jar;C:\Users\trema\.m2\repository\org\seleniumhq\selenium\selenium-http\4.9.1\selenium-http-4.9.1.jar;C:\Users\trema\.m2\repository\dev\failsafe\failsafe\3.3.1\failsafe-3.3.1.jar;C:\Users\trema\.m2\repository\org\seleniumhq\selenium\selenium-ie-driver\4.9.1\selenium-ie-driver-4.9.1.jar;C:\Users\trema\.m2\repository\org\seleniumhq\selenium\selenium-remote-driver\4.9.1\selenium-remote-driver-4.9.1.jar;C:\Users\trema\.m2\repository\com\beust\jcommander\1.82\jcommander-1.82.jar;C:\Users\trema\.m2\repository\io\netty\netty-buffer\4.1.91.Final\netty-buffer-4.1.91.Final.jar;C:\Users\trema\.m2\repository\io\netty\netty-codec-http\4.1.91.Final\netty-codec-http-4.1.91.Final.jar;C:\Users\trema\.m2\repository\io\netty\netty-codec\4.1.91.Final\netty-codec-4.1.91.Final.jar;C:\Users\trema\.m2\repository\io\netty\netty-handler\4.1.91.Final\netty-handler-4.1.91.Final.jar;C:\Users\trema\.m2\repository\io\netty\netty-common\4.1.91.Final\netty-common-4.1.91.Final.jar;C:\Users\trema\.m2\repository\io\netty\netty-transport-classes-epoll\4.1.91.Final\netty-transport-classes-epoll-4.1.91.Final.jar;C:\Users\trema\.m2\repository\io\netty\netty-transport-classes-kqueue\4.1.91.Final\netty-transport-classes-kqueue-4.1.91.Final.jar;C:\Users\trema\.m2\repository\io\netty\netty-transport-native-epoll\4.1.91.Final\netty-transport-native-epoll-4.1.91.Final.jar;C:\Users\trema\.m2\repository\io\netty\netty-transport-native-kqueue\4.1.91.Final\netty-transport-native-kqueue-4.1.91.Final.jar;C:\Users\trema\.m2\repository\io\netty\netty-transport-native-unix-common\4.1.91.Final\netty-transport-native-unix-common-4.1.91.Final.jar;C:\Users\trema\.m2\repository\io\netty\netty-transport\4.1.91.Final\netty-transport-4.1.91.Final.jar;C:\Users\trema\.m2\repository\io\netty\netty-resolver\4.1.91.Final\netty-resolver-4.1.91.Final.jar;C:\Users\trema\.m2\repository\io\opentelemetry\opentelemetry-api\1.25.0\opentelemetry-api-1.25.0.jar;C:\Users\trema\.m2\repository\io\opentelemetry\opentelemetry-context\1.25.0\opentelemetry-context-1.25.0.jar;C:\Users\trema\.m2\repository\io\opentelemetry\opentelemetry-exporter-logging\1.25.0\opentelemetry-exporter-logging-1.25.0.jar;C:\Users\trema\.m2\repository\io\opentelemetry\opentelemetry-sdk-metrics\1.25.0\opentelemetry-sdk-metrics-1.25.0.jar;C:\Users\trema\.m2\repository\io\opentelemetry\opentelemetry-sdk-logs\1.25.0-alpha\opentelemetry-sdk-logs-1.25.0-alpha.jar;C:\Users\trema\.m2\repository\io\opentelemetry\opentelemetry-api-logs\1.25.0-alpha\opentelemetry-api-logs-1.25.0-alpha.jar;C:\Users\trema\.m2\repository\io\opentelemetry\opentelemetry-api-events\1.25.0-alpha\opentelemetry-api-events-1.25.0-alpha.jar;C:\Users\trema\.m2\repository\io\opentelemetry\opentelemetry-sdk-common\1.25.0\opentelemetry-sdk-common-1.25.0.jar;C:\Users\trema\.m2\repository\io\opentelemetry\opentelemetry-sdk-extension-autoconfigure-spi\1.25.0\opentelemetry-sdk-extension-autoconfigure-spi-1.25.0.jar;C:\Users\trema\.m2\repository\io\opentelemetry\opentelemetry-sdk-extension-autoconfigure\1.25.0-alpha\opentelemetry-sdk-extension-autoconfigure-1.25.0-alpha.jar;C:\Users\trema\.m2\repository\io\opentelemetry\opentelemetry-sdk-trace\1.25.0\opentelemetry-sdk-trace-1.25.0.jar;C:\Users\trema\.m2\repository\io\opentelemetry\opentelemetry-sdk\1.25.0\opentelemetry-sdk-1.25.0.jar;C:\Users\trema\.m2\repository\io\opentelemetry\opentelemetry-semconv\1.25.0-alpha\opentelemetry-semconv-1.25.0-alpha.jar;C:\Users\trema\.m2\repository\io\ous\jtoml\2.0.0\jtoml-2.0.0.jar;C:\Users\trema\.m2\repository\net\bytebuddy\byte-buddy\1.14.4\byte-buddy-1.14.4.jar;C:\Users\trema\.m2\repository\org\apache\commons\commons-exec\1.3\commons-exec-1.3.jar;C:\Users\trema\.m2\repository\org\asynchttpclient\async-http-client\2.12.3\async-http-client-2.12.3.jar;C:\Users\trema\.m2\repository\org\asynchttpclient\async-http-client-netty-utils\2.12.3\async-http-client-netty-utils-2.12.3.jar;C:\Users\trema\.m2\repository\io\netty\netty-codec-socks\4.1.60.Final\netty-codec-socks-4.1.60.Final.jar;C:\Users\trema\.m2\repository\io\netty\netty-handler-proxy\4.1.60.Final\netty-handler-proxy-4.1.60.Final.jar;C:\Users\trema\.m2\repository\io\netty\netty-transport-native-epoll\4.1.60.Final\netty-transport-native-epoll-4.1.60.Final-linux-x86_64.jar;C:\Users\trema\.m2\repository\io\netty\netty-transport-native-kqueue\4.1.60.Final\netty-transport-native-kqueue-4.1.60.Final-osx-x86_64.jar;C:\Users\trema\.m2\repository\com\typesafe\netty\netty-reactive-streams\2.0.4\netty-reactive-streams-2.0.4.jar;C:\Users\trema\.m2\repository\com\sun\activation\jakarta.activation\1.2.2\jakarta.activation-1.2.2.jar;C:\Users\trema\.m2\repository\org\seleniumhq\selenium\selenium-safari-driver\4.9.1\selenium-safari-driver-4.9.1.jar;C:\Users\trema\.m2\repository\org\seleniumhq\selenium\selenium-support\4.9.1\selenium-support-4.9.1.jar;C:\Users\trema\.m2\repository\io\cucumber\cucumber-java\7.12.0\cucumber-java-7.12.0.jar;C:\Users\trema\.m2\repository\io\cucumber\cucumber-core\7.12.0\cucumber-core-7.12.0.jar;C:\Users\trema\.m2\repository\io\cucumber\cucumber-gherkin\7.12.0\cucumber-gherkin-7.12.0.jar;C:\Users\trema\.m2\repository\io\cucumber\cucumber-gherkin-messages\7.12.0\cucumber-gherkin-messages-7.12.0.jar;C:\Users\trema\.m2\repository\io\cucumber\gherkin\26.2.0\gherkin-26.2.0.jar;C:\Users\trema\.m2\repository\io\cucumber\messages\22.0.0\messages-22.0.0.jar;C:\Users\trema\.m2\repository\io\cucumber\tag-expressions\5.0.1\tag-expressions-5.0.1.jar;C:\Users\trema\.m2\repository\io\cucumber\cucumber-expressions\16.1.2\cucumber-expressions-16.1.2.jar;C:\Users\trema\.m2\repository\io\cucumber\datatable\7.12.0\datatable-7.12.0.jar;C:\Users\trema\.m2\repository\io\cucumber\cucumber-plugin\7.12.0\cucumber-plugin-7.12.0.jar;C:\Users\trema\.m2\repository\io\cucumber\docstring\7.12.0\docstring-7.12.0.jar;C:\Users\trema\.m2\repository\io\cucumber\html-formatter\20.3.0\html-formatter-20.3.0.jar;C:\Users\trema\.m2\repository\io\cucumber\junit-xml-formatter\0.2.0\junit-xml-formatter-0.2.0.jar;C:\Users\trema\.m2\repository\io\cucumber\ci-environment\9.2.0\ci-environment-9.2.0.jar;C:\Users\trema\.m2\repository\com\aventstack\extentreports\5.1.1\extentreports-5.1.1.jar;C:\Users\trema\.m2\repository\io\reactivex\rxjava3\rxjava\3.1.6\rxjava-3.1.6.jar;C:\Users\trema\.m2\repository\org\reactivestreams\reactive-streams\1.0.4\reactive-streams-1.0.4.jar;C:\Users\trema\.m2\repository\org\freemarker\freemarker\2.3.32\freemarker-2.3.32.jar;C:\Users\trema\.m2\repository\org\projectlombok\lombok\1.18.26\lombok-1.18.26.jar;C:\Users\trema\.m2\repository\com\google\code\gson\gson\2.10.1\gson-2.10.1.jar;C:\Users\trema\.m2\repository\org\aspectj\aspectjweaver\1.9.2\aspectjweaver-1.9.2.jar;C:\Users\trema\.m2\repository\org\aspectj\aspectjrt\1.9.2\aspectjrt-1.9.2.jar;C:\Users\trema\.m2\repository\org\junit\platform\junit-platform-suite\1.9.3\junit-platform-suite-1.9.3.jar;C:\Users\trema\.m2\repository\org\junit\jupiter\junit-jupiter-engine\5.9.3\junit-jupiter-engine-5.9.3.jar;C:\Users\trema\.m2\repository\io\cucumber\cucumber-junit-platform-engine\7.12.0\cucumber-junit-platform-engine-7.12.0.jar;C:\Git\JavaFrameworkDemo\target\classes
-d
C:\Git\JavaFrameworkDemo\target\classes
-s
C:\Git\JavaFrameworkDemo\target\generated-sources\aspectj-maven-plugin
C:\Git\JavaFrameworkDemo\src\main\java\org\example\junit\extensions\DebugExtension.java
C:\Git\JavaFrameworkDemo\src\main\java\org\example\model\pages\automationexercise\AutomationExerciseCheckoutPage.java
C:\Git\JavaFrameworkDemo\src\main\java\org\example\model\pages\automationexercise\AutomationExerciseHomePage.java
C:\Git\JavaFrameworkDemo\src\main\java\org\example\model\pages\automationexercise\AutomationExercisePage.java
C:\Git\JavaFrameworkDemo\src\main\java\org\example\model\pages\automationexercise\AutomationExerciseSecuredPage.java
C:\Git\JavaFrameworkDemo\src\main\java\org\example\model\pages\automationexercise\AutomationExerciseSignUpPage.java
C:\Git\JavaFrameworkDemo\src\main\java\org\example\model\pages\google\GoogleHomePage.java
C:\Git\JavaFrameworkDemo\src\main\java\org\example\model\pages\Page.java
C:\Git\JavaFrameworkDemo\src\main\java\org\example\reporting\impl\extent\ExtentReporter.java
C:\Git\JavaFrameworkDemo\src\main\java\org\example\reporting\impl\extent\ExtentReporterAspect.java
C:\Git\JavaFrameworkDemo\src\main\java\org\example\reporting\impl\extent\ExtentReporterSupplier.java
C:\Git\JavaFrameworkDemo\src\main\java\org\example\reporting\impl\ReporterSupplierFactory.java
C:\Git\JavaFrameworkDemo\src\main\java\org\example\reporting\Reporter.java
C:\Git\JavaFrameworkDemo\src\main\java\org\example\reporting\Supplier.java
C:\Git\JavaFrameworkDemo\src\main\java\org\example\reporting\TestStep.java
C:\Git\JavaFrameworkDemo\src\main\java\org\example\selenium\driver\IFactory.java
C:\Git\JavaFrameworkDemo\src\main\java\org\example\selenium\driver\impl\DefaultCapabilitiesFactory.java
C:\Git\JavaFrameworkDemo\src\main\java\org\example\selenium\driver\impl\LocalDriverFactory.java
C:\Git\JavaFrameworkDemo\src\main\java\org\example\selenium\driver\impl\WebDriverFactory.java
C:\Git\JavaFrameworkDemo\src\main\java\org\example\selenium\ScreenshotUtilities.java
C:\Git\JavaFrameworkDemo\src\main\java\org\example\stepdefinitions\CucumberSteps.java
---- Full Classpath ---
C:\Users\trema\.jdks\temurin-11.0.22\lib\jrt-fs.jar(106683 bytes)
C:\Users\trema\.m2\repository\org\junit\jupiter\junit-jupiter-api\5.9.3\junit-jupiter-api-5.9.3.jar(207763 bytes)
C:\Users\trema\.m2\repository\org\opentest4j\opentest4j\1.2.0\opentest4j-1.2.0.jar(7653 bytes)
C:\Users\trema\.m2\repository\org\junit\platform\junit-platform-commons\1.9.3\junit-platform-commons-1.9.3.jar(102989 bytes)
C:\Users\trema\.m2\repository\org\apiguardian\apiguardian-api\1.1.2\apiguardian-api-1.1.2.jar(6806 bytes)
C:\Users\trema\.m2\repository\org\apache\logging\log4j\log4j-slf4j2-impl\2.20.0\log4j-slf4j2-impl-2.20.0.jar(26430 bytes)
C:\Users\trema\.m2\repository\org\apache\logging\log4j\log4j-api\2.20.0\log4j-api-2.20.0.jar(313296 bytes)
C:\Users\trema\.m2\repository\org\slf4j\slf4j-api\2.0.6\slf4j-api-2.0.6.jar(62531 bytes)
C:\Users\trema\.m2\repository\org\seleniumhq\selenium\selenium-java\4.9.1\selenium-java-4.9.1.jar(870 bytes)
C:\Users\trema\.m2\repository\org\seleniumhq\selenium\selenium-api\4.9.1\selenium-api-4.9.1.jar(220902 bytes)
C:\Users\trema\.m2\repository\org\seleniumhq\selenium\selenium-chrome-driver\4.9.1\selenium-chrome-driver-4.9.1.jar(17453 bytes)
C:\Users\trema\.m2\repository\com\google\auto\service\auto-service-annotations\1.0.1\auto-service-annotations-1.0.1.jar(3174 bytes)
C:\Users\trema\.m2\repository\com\google\auto\service\auto-service\1.0.1\auto-service-1.0.1.jar(12617 bytes)
C:\Users\trema\.m2\repository\com\google\auto\auto-common\1.2\auto-common-1.2.jar(110952 bytes)
C:\Users\trema\.m2\repository\com\google\guava\guava\31.1-jre\guava-31.1-jre.jar(2959479 bytes)
C:\Users\trema\.m2\repository\com\google\guava\failureaccess\1.0.1\failureaccess-1.0.1.jar(4617 bytes)
C:\Users\trema\.m2\repository\com\google\guava\listenablefuture\9999.0-empty-to-avoid-conflict-with-guava\listenablefuture-9999.0-empty-to-avoid-conflict-with-guava.jar(2199 bytes)
C:\Users\trema\.m2\repository\com\google\code\findbugs\jsr305\3.0.2\jsr305-3.0.2.jar(19936 bytes)
C:\Users\trema\.m2\repository\org\checkerframework\checker-qual\3.12.0\checker-qual-3.12.0.jar(208835 bytes)
C:\Users\trema\.m2\repository\com\google\errorprone\error_prone_annotations\2.11.0\error_prone_annotations-2.11.0.jar(15979 bytes)
C:\Users\trema\.m2\repository\com\google\j2objc\j2objc-annotations\1.3\j2objc-annotations-1.3.jar(8781 bytes)
C:\Users\trema\.m2\repository\org\seleniumhq\selenium\selenium-chromium-driver\4.9.1\selenium-chromium-driver-4.9.1.jar(32598 bytes)
C:\Users\trema\.m2\repository\org\seleniumhq\selenium\selenium-json\4.9.1\selenium-json-4.9.1.jar(69469 bytes)
C:\Users\trema\.m2\repository\org\seleniumhq\selenium\selenium-manager\4.9.1\selenium-manager-4.9.1.jar(5517013 bytes)
C:\Users\trema\.m2\repository\org\seleniumhq\selenium\selenium-devtools-v111\4.9.1\selenium-devtools-v111-4.9.1.jar(1475460 bytes)
C:\Users\trema\.m2\repository\org\seleniumhq\selenium\selenium-devtools-v112\4.9.1\selenium-devtools-v112-4.9.1.jar(1486082 bytes)
C:\Users\trema\.m2\repository\org\seleniumhq\selenium\selenium-devtools-v113\4.9.1\selenium-devtools-v113-4.9.1.jar(1512708 bytes)
C:\Users\trema\.m2\repository\org\seleniumhq\selenium\selenium-devtools-v85\4.9.1\selenium-devtools-v85-4.9.1.jar(1136887 bytes)
C:\Users\trema\.m2\repository\org\seleniumhq\selenium\selenium-edge-driver\4.9.1\selenium-edge-driver-4.9.1.jar(15268 bytes)
C:\Users\trema\.m2\repository\org\seleniumhq\selenium\selenium-firefox-driver\4.9.1\selenium-firefox-driver-4.9.1.jar(81461 bytes)
C:\Users\trema\.m2\repository\org\seleniumhq\selenium\selenium-http\4.9.1\selenium-http-4.9.1.jar(59732 bytes)
C:\Users\trema\.m2\repository\dev\failsafe\failsafe\3.3.1\failsafe-3.3.1.jar(143999 bytes)
C:\Users\trema\.m2\repository\org\seleniumhq\selenium\selenium-ie-driver\4.9.1\selenium-ie-driver-4.9.1.jar(16889 bytes)
C:\Users\trema\.m2\repository\org\seleniumhq\selenium\selenium-remote-driver\4.9.1\selenium-remote-driver-4.9.1.jar(474360 bytes)
C:\Users\trema\.m2\repository\com\beust\jcommander\1.82\jcommander-1.82.jar(88407 bytes)
C:\Users\trema\.m2\repository\io\netty\netty-buffer\4.1.91.Final\netty-buffer-4.1.91.Final.jar(305437 bytes)
C:\Users\trema\.m2\repository\io\netty\netty-codec-http\4.1.91.Final\netty-codec-http-4.1.91.Final.jar(655887 bytes)
C:\Users\trema\.m2\repository\io\netty\netty-codec\4.1.91.Final\netty-codec-4.1.91.Final.jar(345167 bytes)
C:\Users\trema\.m2\repository\io\netty\netty-handler\4.1.91.Final\netty-handler-4.1.91.Final.jar(551958 bytes)
C:\Users\trema\.m2\repository\io\netty\netty-common\4.1.91.Final\netty-common-4.1.91.Final.jar(659057 bytes)
C:\Users\trema\.m2\repository\io\netty\netty-transport-classes-epoll\4.1.91.Final\netty-transport-classes-epoll-4.1.91.Final.jar(145052 bytes)
C:\Users\trema\.m2\repository\io\netty\netty-transport-classes-kqueue\4.1.91.Final\netty-transport-classes-kqueue-4.1.91.Final.jar(108283 bytes)
C:\Users\trema\.m2\repository\io\netty\netty-transport-native-epoll\4.1.91.Final\netty-transport-native-epoll-4.1.91.Final.jar(5660 bytes)
C:\Users\trema\.m2\repository\io\netty\netty-transport-native-kqueue\4.1.91.Final\netty-transport-native-kqueue-4.1.91.Final.jar(5690 bytes)
C:\Users\trema\.m2\repository\io\netty\netty-transport-native-unix-common\4.1.91.Final\netty-transport-native-unix-common-4.1.91.Final.jar(43783 bytes)
C:\Users\trema\.m2\repository\io\netty\netty-transport\4.1.91.Final\netty-transport-4.1.91.Final.jar(488632 bytes)
C:\Users\trema\.m2\repository\io\netty\netty-resolver\4.1.91.Final\netty-resolver-4.1.91.Final.jar(37788 bytes)
C:\Users\trema\.m2\repository\io\opentelemetry\opentelemetry-api\1.25.0\opentelemetry-api-1.25.0.jar(129563 bytes)
C:\Users\trema\.m2\repository\io\opentelemetry\opentelemetry-context\1.25.0\opentelemetry-context-1.25.0.jar(47185 bytes)
C:\Users\trema\.m2\repository\io\opentelemetry\opentelemetry-exporter-logging\1.25.0\opentelemetry-exporter-logging-1.25.0.jar(11116 bytes)
C:\Users\trema\.m2\repository\io\opentelemetry\opentelemetry-sdk-metrics\1.25.0\opentelemetry-sdk-metrics-1.25.0.jar(252535 bytes)
C:\Users\trema\.m2\repository\io\opentelemetry\opentelemetry-sdk-logs\1.25.0-alpha\opentelemetry-sdk-logs-1.25.0-alpha.jar(47430 bytes)
C:\Users\trema\.m2\repository\io\opentelemetry\opentelemetry-api-logs\1.25.0-alpha\opentelemetry-api-logs-1.25.0-alpha.jar(9742 bytes)
C:\Users\trema\.m2\repository\io\opentelemetry\opentelemetry-api-events\1.25.0-alpha\opentelemetry-api-events-1.25.0-alpha.jar(6027 bytes)
C:\Users\trema\.m2\repository\io\opentelemetry\opentelemetry-sdk-common\1.25.0\opentelemetry-sdk-common-1.25.0.jar(36899 bytes)
C:\Users\trema\.m2\repository\io\opentelemetry\opentelemetry-sdk-extension-autoconfigure-spi\1.25.0\opentelemetry-sdk-extension-autoconfigure-spi-1.25.0.jar(16318 bytes)
C:\Users\trema\.m2\repository\io\opentelemetry\opentelemetry-sdk-extension-autoconfigure\1.25.0-alpha\opentelemetry-sdk-extension-autoconfigure-1.25.0-alpha.jar(37659 bytes)
C:\Users\trema\.m2\repository\io\opentelemetry\opentelemetry-sdk-trace\1.25.0\opentelemetry-sdk-trace-1.25.0.jar(116977 bytes)
C:\Users\trema\.m2\repository\io\opentelemetry\opentelemetry-sdk\1.25.0\opentelemetry-sdk-1.25.0.jar(5914 bytes)
C:\Users\trema\.m2\repository\io\opentelemetry\opentelemetry-semconv\1.25.0-alpha\opentelemetry-semconv-1.25.0-alpha.jar(37268 bytes)
C:\Users\trema\.m2\repository\io\ous\jtoml\2.0.0\jtoml-2.0.0.jar(24744 bytes)
C:\Users\trema\.m2\repository\net\bytebuddy\byte-buddy\1.14.4\byte-buddy-1.14.4.jar(4191680 bytes)
C:\Users\trema\.m2\repository\org\apache\commons\commons-exec\1.3\commons-exec-1.3.jar(54423 bytes)
C:\Users\trema\.m2\repository\org\asynchttpclient\async-http-client\2.12.3\async-http-client-2.12.3.jar(451655 bytes)
C:\Users\trema\.m2\repository\org\asynchttpclient\async-http-client-netty-utils\2.12.3\async-http-client-netty-utils-2.12.3.jar(9939 bytes)
C:\Users\trema\.m2\repository\io\netty\netty-codec-socks\4.1.60.Final\netty-codec-socks-4.1.60.Final.jar(119089 bytes)
C:\Users\trema\.m2\repository\io\netty\netty-handler-proxy\4.1.60.Final\netty-handler-proxy-4.1.60.Final.jar(23961 bytes)
C:\Users\trema\.m2\repository\io\netty\netty-transport-native-epoll\4.1.60.Final\netty-transport-native-epoll-4.1.60.Final-linux-x86_64.jar(157238 bytes)
C:\Users\trema\.m2\repository\io\netty\netty-transport-native-kqueue\4.1.60.Final\netty-transport-native-kqueue-4.1.60.Final-osx-x86_64.jar(112814 bytes)
C:\Users\trema\.m2\repository\com\typesafe\netty\netty-reactive-streams\2.0.4\netty-reactive-streams-2.0.4.jar(21842 bytes)
C:\Users\trema\.m2\repository\com\sun\activation\jakarta.activation\1.2.2\jakarta.activation-1.2.2.jar(68453 bytes)
C:\Users\trema\.m2\repository\org\seleniumhq\selenium\selenium-safari-driver\4.9.1\selenium-safari-driver-4.9.1.jar(26683 bytes)
C:\Users\trema\.m2\repository\org\seleniumhq\selenium\selenium-support\4.9.1\selenium-support-4.9.1.jar(199053 bytes)
C:\Users\trema\.m2\repository\io\cucumber\cucumber-java\7.12.0\cucumber-java-7.12.0.jar(739067 bytes)
C:\Users\trema\.m2\repository\io\cucumber\cucumber-core\7.12.0\cucumber-core-7.12.0.jar(2916329 bytes)
C:\Users\trema\.m2\repository\io\cucumber\cucumber-gherkin\7.12.0\cucumber-gherkin-7.12.0.jar(7318 bytes)
C:\Users\trema\.m2\repository\io\cucumber\cucumber-gherkin-messages\7.12.0\cucumber-gherkin-messages-7.12.0.jar(28120 bytes)
C:\Users\trema\.m2\repository\io\cucumber\gherkin\26.2.0\gherkin-26.2.0.jar(111240 bytes)
C:\Users\trema\.m2\repository\io\cucumber\messages\22.0.0\messages-22.0.0.jar(90139 bytes)
C:\Users\trema\.m2\repository\io\cucumber\tag-expressions\5.0.1\tag-expressions-5.0.1.jar(13219 bytes)
C:\Users\trema\.m2\repository\io\cucumber\cucumber-expressions\16.1.2\cucumber-expressions-16.1.2.jar(78503 bytes)
C:\Users\trema\.m2\repository\io\cucumber\datatable\7.12.0\datatable-7.12.0.jar(108337 bytes)
C:\Users\trema\.m2\repository\io\cucumber\cucumber-plugin\7.12.0\cucumber-plugin-7.12.0.jar(33108 bytes)
C:\Users\trema\.m2\repository\io\cucumber\docstring\7.12.0\docstring-7.12.0.jar(11853 bytes)
C:\Users\trema\.m2\repository\io\cucumber\html-formatter\20.3.0\html-formatter-20.3.0.jar(582916 bytes)
C:\Users\trema\.m2\repository\io\cucumber\junit-xml-formatter\0.2.0\junit-xml-formatter-0.2.0.jar(17008 bytes)
C:\Users\trema\.m2\repository\io\cucumber\ci-environment\9.2.0\ci-environment-9.2.0.jar(49703 bytes)
C:\Users\trema\.m2\repository\com\aventstack\extentreports\5.1.1\extentreports-5.1.1.jar(1012461 bytes)
C:\Users\trema\.m2\repository\io\reactivex\rxjava3\rxjava\3.1.6\rxjava-3.1.6.jar(2659416 bytes)
C:\Users\trema\.m2\repository\org\reactivestreams\reactive-streams\1.0.4\reactive-streams-1.0.4.jar(11640 bytes)
C:\Users\trema\.m2\repository\org\freemarker\freemarker\2.3.32\freemarker-2.3.32.jar(1736381 bytes)
C:\Users\trema\.m2\repository\org\projectlombok\lombok\1.18.26\lombok-1.18.26.jar(1975593 bytes)
C:\Users\trema\.m2\repository\com\google\code\gson\gson\2.10.1\gson-2.10.1.jar(283367 bytes)
C:\Users\trema\.m2\repository\org\aspectj\aspectjweaver\1.9.2\aspectjweaver-1.9.2.jar(2058984 bytes)
C:\Users\trema\.m2\repository\org\aspectj\aspectjrt\1.9.2\aspectjrt-1.9.2.jar(122512 bytes)
C:\Users\trema\.m2\repository\org\junit\platform\junit-platform-suite\1.9.3\junit-platform-suite-1.9.3.jar(6363 bytes)
C:\Users\trema\.m2\repository\org\junit\jupiter\junit-jupiter-engine\5.9.3\junit-jupiter-engine-5.9.3.jar(246666 bytes)
C:\Users\trema\.m2\repository\io\cucumber\cucumber-junit-platform-engine\7.12.0\cucumber-junit-platform-engine-7.12.0.jar(52459 bytes)
C:\Git\JavaFrameworkDemo\target\classes(4 entries)
---- Compiler Messages ---
warning bad version number found in C:\Users\trema\.m2\repository\org\aspectj\aspectjrt\1.9.2\aspectjrt-1.9.2.jar expected 1.9.7 found 1.9.2
info Pipelining compilation
warning You aren't using a compiler supported by lombok, so lombok will not work and has been disabled.
Your processor is: org.aspectj.org.eclipse.jdt.internal.compiler.apt.dispatch.BatchProcessingEnvImpl
Lombok supports: OpenJDK javac, ECJ
info compiling C:\Git\JavaFrameworkDemo\src\main\java\org\example\reporting\impl\extent\ExtentReporterAspect.java
info weaver operating in reweavable mode.  Need to verify any required types exist.
info woven aspect org.example.reporting.impl.extent.ExtentReporterAspect (from C:\Git\JavaFrameworkDemo\src\main\java\org\example\reporting\impl\extent\ExtentReporterAspect.java)
info compiling C:\Git\JavaFrameworkDemo\src\main\java\org\example\junit\extensions\DebugExtension.java
info woven class org.example.junit.extensions.DebugExtension (from C:\Git\JavaFrameworkDemo\src\main\java\org\example\junit\extensions\DebugExtension.java)
info compiling C:\Git\JavaFrameworkDemo\src\main\java\org\example\model\pages\automationexercise\AutomationExerciseCheckoutPage.java
abort trouble in: 
public class org.example.model.pages.automationexercise.AutomationExerciseCheckoutPage extends org.example.model.pages.Page:
  static final boolean $assertionsDisabled
  static void <clinit>():
    staticinitialization(void org.example.model.pages.automationexercise.AutomationExerciseCheckoutPage.<clinit>())
    |               LDC org.example.model.pages.automationexercise.AutomationExerciseCheckoutPage   (line 7)
    |               INVOKEVIRTUAL java.lang.Class.desiredAssertionStatus ()Z
    |               IFNE L0
    |               ICONST_1
    |               GOTO L1
    |           L0: ICONST_0
    |           L1: PUTSTATIC org.example.model.pages.automationexercise.AutomationExerciseCheckoutPage.$assertionsDisabled Z
    |               RETURN
    staticinitialization(void org.example.model.pages.automationexercise.AutomationExerciseCheckoutPage.<clinit>())
  end static void <clinit>()

  public void <init>(org.openqa.selenium.WebDriver)    org.aspectj.weaver.MethodDeclarationLineNumber: 9:279
:
                    ALOAD_0     // Lorg/example/model/pages/automationexercise/AutomationExerciseCheckoutPage; this   (line 10)
                    ALOAD_1     // Lorg/openqa/selenium/WebDriver; driver
                    INVOKESPECIAL org.example.model.pages.Page.<init> (Lorg/openqa/selenium/WebDriver;)V
    constructor-execution(void org.example.model.pages.automationexercise.AutomationExerciseCheckoutPage.<init>(org.openqa.selenium.WebDriver))
    |               RETURN   (line 11)
    constructor-execution(void org.example.model.pages.automationexercise.AutomationExerciseCheckoutPage.<init>(org.openqa.selenium.WebDriver))
  end public void <init>(org.openqa.selenium.WebDriver)

  protected void load()    org.aspectj.weaver.MethodDeclarationLineNumber: 14:398
:
                    ALOAD_0     // Lorg/example/model/pages/automationexercise/AutomationExerciseCheckoutPage; this   (line 15)
                    GETFIELD org.example.model.pages.automationexercise.AutomationExerciseCheckoutPage.driver Lorg/openqa/selenium/WebDriver;
                    LDC "https://www.automationexercise.com/checkout"
                    INVOKEINTERFACE org.openqa.selenium.WebDriver.get (Ljava/lang/String;)V
                    RETURN   (line 16)
  end protected void load()

  protected void isLoaded()    org.aspectj.weaver.MethodDeclarationLineNumber: 19:519
:
                    GETSTATIC org.example.model.pages.automationexercise.AutomationExerciseCheckoutPage.$assertionsDisabled Z   (line 20)
                    IFNE L0
                    ALOAD_0     // Lorg/example/model/pages/automationexercise/AutomationExerciseCheckoutPage; this
                    GETFIELD org.example.model.pages.automationexercise.AutomationExerciseCheckoutPage.driver Lorg/openqa/selenium/WebDriver;
                    INVOKEINTERFACE org.openqa.selenium.WebDriver.getTitle ()Ljava/lang/String;
                    LDC "Checkout"
                    INVOKEVIRTUAL java.lang.String.contains (Ljava/lang/CharSequence;)Z
                    IFNE L0
                    NEW java.lang.AssertionError
                    DUP
                    LDC "Failed to assert the user is on the checkout page"
                    INVOKESPECIAL java.lang.AssertionError.<init> (Ljava/lang/Object;)V
                    ATHROW
                L0: RETURN   (line 21)
  end protected void isLoaded()

  public void assertTitle()    org.aspectj.weaver.MethodDeclarationLineNumber: 24:732
:
                    GETSTATIC org.example.model.pages.automationexercise.AutomationExerciseCheckoutPage.ajc$tjp_0 Lorg/aspectj/lang/JoinPoint$StaticPart;
                    ALOAD_0
                    ALOAD_0
                    INVOKESTATIC org.aspectj.runtime.reflect.Factory.makeJP (Lorg/aspectj/lang/JoinPoint$StaticPart;Ljava/lang/Object;Ljava/lang/Object;)Lorg/aspectj/lang/JoinPoint;
                    ASTORE_1
  end public void assertTitle()

  private static final void assertTitle_aroundBody0(org.example.model.pages.automationexercise.AutomationExerciseCheckoutPage, org.aspectj.lang.JoinPoint):
                    ALOAD_0     // Lorg/example/model/pages/automationexercise/AutomationExerciseCheckoutPage; ajc$this   (line 25)
                    INVOKEVIRTUAL org.example.model.pages.automationexercise.AutomationExerciseCheckoutPage.isLoaded ()V
                    RETURN   (line 26)
  end private static final void assertTitle_aroundBody0(org.example.model.pages.automationexercise.AutomationExerciseCheckoutPage, org.aspectj.lang.JoinPoint)

  private static final Object assertTitle_aroundBody1$advice(org.example.model.pages.automationexercise.AutomationExerciseCheckoutPage, org.aspectj.lang.JoinPoint, org.example.reporting.impl.extent.ExtentReporterAspect, org.aspectj.lang.ProceedingJoinPoint):
    adviceexecution(java.lang.Object org.example.reporting.impl.extent.ExtentReporterAspect.retrieveMethodInformation(org.aspectj.lang.ProceedingJoinPoint))
    |               ALOAD_3     // Lorg/aspectj/lang/ProceedingJoinPoint; call   (line 30)
    |               INVOKEINTERFACE org.aspectj.lang.ProceedingJoinPoint.getSignature ()Lorg/aspectj/lang/Signature;
    |               CHECKCAST org.aspectj.lang.reflect.MethodSignature
    |               ASTORE 4
    |               ALOAD 4     // Lorg/aspectj/lang/reflect/MethodSignature; signature   (line 31)
    |               INVOKEINTERFACE org.aspectj.lang.reflect.MethodSignature.getMethod ()Ljava/lang/reflect/Method;
    |               ASTORE 5
    |               ALOAD_2     // Lorg/example/reporting/impl/extent/ExtentReporterAspect; ajc$aspectInstance   (line 33)
    |               ALOAD 5     // Ljava/lang/reflect/Method; method
    |               LDC org.example.reporting.TestStep
    |               INVOKEVIRTUAL java.lang.reflect.Method.getAnnotation (Ljava/lang/Class;)Ljava/lang/annotation/Annotation;
    |               CHECKCAST org.example.reporting.TestStep
    |               INVOKEINTERFACE org.example.reporting.TestStep.value ()Ljava/lang/String;
    |               INVOKESTATIC org.example.reporting.impl.extent.ExtentReporterAspect.ajc$inlineAccessFieldSet$org_example_reporting_impl_extent_ExtentReporterAspect$org_example_reporting_impl_extent_ExtentReporterAspect$testStep (Lorg/example/reporting/impl/extent/ExtentReporterAspect;Ljava/lang/String;)V
    |               ALOAD_3     // Lorg/aspectj/lang/ProceedingJoinPoint; call   (line 34)
    |               ALOAD_3     // Lorg/aspectj/lang/ProceedingJoinPoint; call
    |               INVOKEINTERFACE org.aspectj.lang.ProceedingJoinPoint.getArgs ()[Ljava/lang/Object;
    |               INVOKEINTERFACE org.aspectj.lang.ProceedingJoinPoint.proceed ([Ljava/lang/Object;)Ljava/lang/Object;
    |               ARETURN
    adviceexecution(java.lang.Object org.example.reporting.impl.extent.ExtentReporterAspect.retrieveMethodInformation(org.aspectj.lang.ProceedingJoinPoint))
  end private static final Object assertTitle_aroundBody1$advice(org.example.model.pages.automationexercise.AutomationExerciseCheckoutPage, org.aspectj.lang.JoinPoint, org.example.reporting.impl.extent.ExtentReporterAspect, org.aspectj.lang.ProceedingJoinPoint)
end public class org.example.model.pages.automationexercise.AutomationExerciseCheckoutPage
 -- (BCException) visiting a false expression
when implementing on shadow method-execution(void org.example.model.pages.automationexercise.AutomationExerciseCheckoutPage.assertTitle())
when weaving type org.example.model.pages.automationexercise.AutomationExerciseCheckoutPage
when weaving classes 
when weaving 
when batch building BuildConfig[null] #Files=21 AopXmls=#0

visiting a false expression
when implementing on shadow method-execution(void org.example.model.pages.automationexercise.AutomationExerciseCheckoutPage.assertTitle())
when weaving type org.example.model.pages.automationexercise.AutomationExerciseCheckoutPage
when weaving classes 
when weaving 
when batch building BuildConfig[null] #Files=21 AopXmls=#0

org.aspectj.weaver.BCException: visiting a false expression
when implementing on shadow method-execution(void org.example.model.pages.automationexercise.AutomationExerciseCheckoutPage.assertTitle())
when weaving type org.example.model.pages.automationexercise.AutomationExerciseCheckoutPage
when weaving classes 
when weaving 
when batch building BuildConfig[null] #Files=21 AopXmls=#0

	at org.aspectj.weaver.bcel.BcelRenderer.visit(BcelRenderer.java:203)
	at org.aspectj.weaver.ast.Literal.accept(Literal.java:29)
	at org.aspectj.weaver.bcel.BcelRenderer.recur(BcelRenderer.java:110)
	at org.aspectj.weaver.bcel.BcelRenderer.renderTest(BcelRenderer.java:100)
	at org.aspectj.weaver.bcel.BcelAdvice.getTestInstructions(BcelAdvice.java:702)
	at org.aspectj.weaver.bcel.BcelShadow.weaveAroundInline(BcelShadow.java:2327)
	at org.aspectj.weaver.bcel.BcelAdvice.implementOn(BcelAdvice.java:391)
	at org.aspectj.weaver.Shadow.implementMungers(Shadow.java:645)
	at org.aspectj.weaver.Shadow.implement(Shadow.java:547)
	at org.aspectj.weaver.bcel.BcelClassWeaver.implement(BcelClassWeaver.java:3361)
	at org.aspectj.weaver.bcel.BcelClassWeaver.weave(BcelClassWeaver.java:499)
	at org.aspectj.weaver.bcel.BcelClassWeaver.weave(BcelClassWeaver.java:103)
	at org.aspectj.weaver.bcel.BcelWeaver.weave(BcelWeaver.java:1707)
	at org.aspectj.weaver.bcel.BcelWeaver.weaveWithoutDump(BcelWeaver.java:1651)
	at org.aspectj.weaver.bcel.BcelWeaver.weaveAndNotify(BcelWeaver.java:1418)
	at org.aspectj.weaver.bcel.BcelWeaver.weave(BcelWeaver.java:1192)
	at org.aspectj.ajdt.internal.compiler.AjPipeliningCompilerAdapter.weaveQueuedEntries(AjPipeliningCompilerAdapter.java:510)
	at org.aspectj.ajdt.internal.compiler.AjPipeliningCompilerAdapter.queueForWeaving(AjPipeliningCompilerAdapter.java:446)
	at org.aspectj.ajdt.internal.compiler.AjPipeliningCompilerAdapter.afterProcessing(AjPipeliningCompilerAdapter.java:431)
	at org.aspectj.ajdt.internal.compiler.CompilerAdapter.ajc$after$org_aspectj_ajdt_internal_compiler_CompilerAdapter$5$6b855184(CompilerAdapter.aj:104)
	at org.aspectj.org.eclipse.jdt.internal.compiler.Compiler.process(Compiler.java:943)
	at org.aspectj.org.eclipse.jdt.internal.compiler.Compiler.processCompiledUnits(Compiler.java:576)
	at org.aspectj.org.eclipse.jdt.internal.compiler.Compiler.compile(Compiler.java:476)
	at org.aspectj.org.eclipse.jdt.internal.compiler.Compiler.compile(Compiler.java:427)
	at org.aspectj.ajdt.internal.core.builder.AjBuildManager.performCompilation(AjBuildManager.java:1096)
	at org.aspectj.ajdt.internal.core.builder.AjBuildManager.performBuild(AjBuildManager.java:275)
	at org.aspectj.ajdt.internal.core.builder.AjBuildManager.batchBuild(AjBuildManager.java:188)
	at org.aspectj.ajdt.ajc.AjdtCommand.doCommand(AjdtCommand.java:103)
	at org.aspectj.ajdt.ajc.AjdtCommand.runCommand(AjdtCommand.java:47)
	at org.aspectj.tools.ajc.Main.run(Main.java:372)
	at org.aspectj.tools.ajc.Main.runMain(Main.java:250)
	at org.codehaus.mojo.aspectj.AbstractAjcCompiler.execute(AbstractAjcCompiler.java:568)
	at org.apache.maven.plugin.DefaultBuildPluginManager.executeMojo(DefaultBuildPluginManager.java:137)
	at org.apache.maven.lifecycle.internal.MojoExecutor.execute(MojoExecutor.java:210)
	at org.apache.maven.lifecycle.internal.MojoExecutor.execute(MojoExecutor.java:156)
	at org.apache.maven.lifecycle.internal.MojoExecutor.execute(MojoExecutor.java:148)
	at org.apache.maven.lifecycle.internal.LifecycleModuleBuilder.buildProject(LifecycleModuleBuilder.java:117)
	at org.apache.maven.lifecycle.internal.LifecycleModuleBuilder.buildProject(LifecycleModuleBuilder.java:81)
	at org.apache.maven.lifecycle.internal.builder.singlethreaded.SingleThreadedBuilder.build(SingleThreadedBuilder.java:56)
	at org.apache.maven.lifecycle.internal.LifecycleStarter.execute(LifecycleStarter.java:128)
	at org.apache.maven.DefaultMaven.doExecute(DefaultMaven.java:305)
	at org.apache.maven.DefaultMaven.doExecute(DefaultMaven.java:192)
	at org.apache.maven.DefaultMaven.execute(DefaultMaven.java:105)
	at org.apache.maven.cli.MavenCli.execute(MavenCli.java:957)
	at org.apache.maven.cli.MavenCli.doMain(MavenCli.java:289)
	at org.apache.maven.cli.MavenCli.main(MavenCli.java:193)
	at java.base/jdk.internal.reflect.NativeMethodAccessorImpl.invoke0(Native Method)
	at java.base/jdk.internal.reflect.NativeMethodAccessorImpl.invoke(NativeMethodAccessorImpl.java:62)
	at java.base/jdk.internal.reflect.DelegatingMethodAccessorImpl.invoke(DelegatingMethodAccessorImpl.java:43)
	at java.base/java.lang.reflect.Method.invoke(Method.java:566)
	at org.codehaus.plexus.classworlds.launcher.Launcher.launchEnhanced(Launcher.java:282)
	at org.codehaus.plexus.classworlds.launcher.Launcher.launch(Launcher.java:225)
	at org.codehaus.plexus.classworlds.launcher.Launcher.mainWithExitCode(Launcher.java:406)
	at org.codehaus.plexus.classworlds.launcher.Launcher.main(Launcher.java:347)
	at org.codehaus.classworlds.Launcher.main(Launcher.java:47)

info woven class org.example.model.pages.automationexercise.AutomationExerciseCheckoutPage (from C:\Git\JavaFrameworkDemo\src\main\java\org\example\model\pages\automationexercise\AutomationExerciseCheckoutPage.java)
info compiling C:\Git\JavaFrameworkDemo\src\main\java\org\example\model\pages\automationexercise\AutomationExerciseHomePage.java
abort trouble in: 
public class org.example.model.pages.automationexercise.AutomationExerciseHomePage extends org.example.model.pages.Page:
  static final String loginLocator = ".//a[@href=\"/login\"]"
  org.openqa.selenium.WebElement loginLink [RuntimeVisibleAnnotations]
  static final boolean $assertionsDisabled
  static void <clinit>():
    staticinitialization(void org.example.model.pages.automationexercise.AutomationExerciseHomePage.<clinit>())
    |               LDC org.example.model.pages.automationexercise.AutomationExerciseHomePage   (line 14)
    |               INVOKEVIRTUAL java.lang.Class.desiredAssertionStatus ()Z
    |               IFNE L0
    |               ICONST_1
    |               GOTO L1
    |           L0: ICONST_0
    |           L1: PUTSTATIC org.example.model.pages.automationexercise.AutomationExerciseHomePage.$assertionsDisabled Z
    |               RETURN   (line 16)
    staticinitialization(void org.example.model.pages.automationexercise.AutomationExerciseHomePage.<clinit>())
  end static void <clinit>()

  public void <init>(org.openqa.selenium.WebDriver)    org.aspectj.weaver.MethodDeclarationLineNumber: 21:720
:
                    ALOAD_0     // Lorg/example/model/pages/automationexercise/AutomationExerciseHomePage; this   (line 22)
                    ALOAD_1     // Lorg/openqa/selenium/WebDriver; driver
                    INVOKESPECIAL org.example.model.pages.Page.<init> (Lorg/openqa/selenium/WebDriver;)V
    constructor-execution(void org.example.model.pages.automationexercise.AutomationExerciseHomePage.<init>(org.openqa.selenium.WebDriver))
    |               RETURN   (line 23)
    constructor-execution(void org.example.model.pages.automationexercise.AutomationExerciseHomePage.<init>(org.openqa.selenium.WebDriver))
  end public void <init>(org.openqa.selenium.WebDriver)

  protected void load()    org.aspectj.weaver.MethodDeclarationLineNumber: 26:835
:
                    ALOAD_0     // Lorg/example/model/pages/automationexercise/AutomationExerciseHomePage; this   (line 27)
                    GETFIELD org.example.model.pages.automationexercise.AutomationExerciseHomePage.driver Lorg/openqa/selenium/WebDriver;
                    LDC "https://www.automationexercise.com/"
                    INVOKEINTERFACE org.openqa.selenium.WebDriver.get (Ljava/lang/String;)V
                    RETURN   (line 28)
  end protected void load()

  protected void isLoaded()    org.aspectj.weaver.MethodDeclarationLineNumber: 31:948
:
                    GETSTATIC org.example.model.pages.automationexercise.AutomationExerciseHomePage.$assertionsDisabled Z   (line 32)
                    IFNE L0
                    ALOAD_0     // Lorg/example/model/pages/automationexercise/AutomationExerciseHomePage; this
                    GETFIELD org.example.model.pages.automationexercise.AutomationExerciseHomePage.driver Lorg/openqa/selenium/WebDriver;
                    INVOKEINTERFACE org.openqa.selenium.WebDriver.getTitle ()Ljava/lang/String;
                    LDC "Automation Exercise"
                    INVOKEVIRTUAL java.lang.String.contains (Ljava/lang/CharSequence;)Z
                    IFNE L0
                    NEW java.lang.AssertionError
                    DUP
                    LDC "Failed to assert the user is on the home page"
                    INVOKESPECIAL java.lang.AssertionError.<init> (Ljava/lang/Object;)V
                    ATHROW
                L0: RETURN   (line 33)
  end protected void isLoaded()

  public void clickLogin()    org.aspectj.weaver.MethodDeclarationLineNumber: 36:1173
:
                    GETSTATIC org.example.model.pages.automationexercise.AutomationExerciseHomePage.ajc$tjp_0 Lorg/aspectj/lang/JoinPoint$StaticPart;
                    ALOAD_0
                    ALOAD_0
                    INVOKESTATIC org.aspectj.runtime.reflect.Factory.makeJP (Lorg/aspectj/lang/JoinPoint$StaticPart;Ljava/lang/Object;Ljava/lang/Object;)Lorg/aspectj/lang/JoinPoint;
                    ASTORE_1
  end public void clickLogin()

  private static final void clickLogin_aroundBody0(org.example.model.pages.automationexercise.AutomationExerciseHomePage, org.aspectj.lang.JoinPoint):
                    ALOAD_0     // Lorg/example/model/pages/automationexercise/AutomationExerciseHomePage; ajc$this   (line 37)
                    GETFIELD org.example.model.pages.automationexercise.AutomationExerciseHomePage.wait Lorg/openqa/selenium/support/ui/WebDriverWait;
                    ALOAD_0     // Lorg/example/model/pages/automationexercise/AutomationExerciseHomePage; ajc$this
                    GETFIELD org.example.model.pages.automationexercise.AutomationExerciseHomePage.loginLink Lorg/openqa/selenium/WebElement;
                    INVOKESTATIC org.openqa.selenium.support.ui.ExpectedConditions.visibilityOf (Lorg/openqa/selenium/WebElement;)Lorg/openqa/selenium/support/ui/ExpectedCondition;
                    INVOKEVIRTUAL org.openqa.selenium.support.ui.WebDriverWait.until (Ljava/util/function/Function;)Ljava/lang/Object;
                    POP
                    ALOAD_0     // Lorg/example/model/pages/automationexercise/AutomationExerciseHomePage; ajc$this   (line 38)
                    GETFIELD org.example.model.pages.automationexercise.AutomationExerciseHomePage.loginLink Lorg/openqa/selenium/WebElement;
                    INVOKEINTERFACE org.openqa.selenium.WebElement.click ()V
                    RETURN   (line 39)
  end private static final void clickLogin_aroundBody0(org.example.model.pages.automationexercise.AutomationExerciseHomePage, org.aspectj.lang.JoinPoint)

  private static final Object clickLogin_aroundBody1$advice(org.example.model.pages.automationexercise.AutomationExerciseHomePage, org.aspectj.lang.JoinPoint, org.example.reporting.impl.extent.ExtentReporterAspect, org.aspectj.lang.ProceedingJoinPoint):
    adviceexecution(java.lang.Object org.example.reporting.impl.extent.ExtentReporterAspect.retrieveMethodInformation(org.aspectj.lang.ProceedingJoinPoint))
    |               ALOAD_3     // Lorg/aspectj/lang/ProceedingJoinPoint; call   (line 30)
    |               INVOKEINTERFACE org.aspectj.lang.ProceedingJoinPoint.getSignature ()Lorg/aspectj/lang/Signature;
    |               CHECKCAST org.aspectj.lang.reflect.MethodSignature
    |               ASTORE 4
    |               ALOAD 4     // Lorg/aspectj/lang/reflect/MethodSignature; signature   (line 31)
    |               INVOKEINTERFACE org.aspectj.lang.reflect.MethodSignature.getMethod ()Ljava/lang/reflect/Method;
    |               ASTORE 5
    |               ALOAD_2     // Lorg/example/reporting/impl/extent/ExtentReporterAspect; ajc$aspectInstance   (line 33)
    |               ALOAD 5     // Ljava/lang/reflect/Method; method
    |               LDC org.example.reporting.TestStep
    |               INVOKEVIRTUAL java.lang.reflect.Method.getAnnotation (Ljava/lang/Class;)Ljava/lang/annotation/Annotation;
    |               CHECKCAST org.example.reporting.TestStep
    |               INVOKEINTERFACE org.example.reporting.TestStep.value ()Ljava/lang/String;
    |               INVOKESTATIC org.example.reporting.impl.extent.ExtentReporterAspect.ajc$inlineAccessFieldSet$org_example_reporting_impl_extent_ExtentReporterAspect$org_example_reporting_impl_extent_ExtentReporterAspect$testStep (Lorg/example/reporting/impl/extent/ExtentReporterAspect;Ljava/lang/String;)V
    |               ALOAD_3     // Lorg/aspectj/lang/ProceedingJoinPoint; call   (line 34)
    |               ALOAD_3     // Lorg/aspectj/lang/ProceedingJoinPoint; call
    |               INVOKEINTERFACE org.aspectj.lang.ProceedingJoinPoint.getArgs ()[Ljava/lang/Object;
    |               INVOKEINTERFACE org.aspectj.lang.ProceedingJoinPoint.proceed ([Ljava/lang/Object;)Ljava/lang/Object;
    |               ARETURN
    adviceexecution(java.lang.Object org.example.reporting.impl.extent.ExtentReporterAspect.retrieveMethodInformation(org.aspectj.lang.ProceedingJoinPoint))
  end private static final Object clickLogin_aroundBody1$advice(org.example.model.pages.automationexercise.AutomationExerciseHomePage, org.aspectj.lang.JoinPoint, org.example.reporting.impl.extent.ExtentReporterAspect, org.aspectj.lang.ProceedingJoinPoint)
end public class org.example.model.pages.automationexercise.AutomationExerciseHomePage
 -- (BCException) visiting a false expression
when implementing on shadow method-execution(void org.example.model.pages.automationexercise.AutomationExerciseHomePage.clickLogin())
when weaving type org.example.model.pages.automationexercise.AutomationExerciseHomePage
when weaving classes 
when weaving 
when batch building BuildConfig[null] #Files=21 AopXmls=#0

visiting a false expression
when implementing on shadow method-execution(void org.example.model.pages.automationexercise.AutomationExerciseHomePage.clickLogin())
when weaving type org.example.model.pages.automationexercise.AutomationExerciseHomePage
when weaving classes 
when weaving 
when batch building BuildConfig[null] #Files=21 AopXmls=#0

org.aspectj.weaver.BCException: visiting a false expression
when implementing on shadow method-execution(void org.example.model.pages.automationexercise.AutomationExerciseHomePage.clickLogin())
when weaving type org.example.model.pages.automationexercise.AutomationExerciseHomePage
when weaving classes 
when weaving 
when batch building BuildConfig[null] #Files=21 AopXmls=#0

	at org.aspectj.weaver.bcel.BcelRenderer.visit(BcelRenderer.java:203)
	at org.aspectj.weaver.ast.Literal.accept(Literal.java:29)
	at org.aspectj.weaver.bcel.BcelRenderer.recur(BcelRenderer.java:110)
	at org.aspectj.weaver.bcel.BcelRenderer.renderTest(BcelRenderer.java:100)
	at org.aspectj.weaver.bcel.BcelAdvice.getTestInstructions(BcelAdvice.java:702)
	at org.aspectj.weaver.bcel.BcelShadow.weaveAroundInline(BcelShadow.java:2327)
	at org.aspectj.weaver.bcel.BcelAdvice.implementOn(BcelAdvice.java:391)
	at org.aspectj.weaver.Shadow.implementMungers(Shadow.java:645)
	at org.aspectj.weaver.Shadow.implement(Shadow.java:547)
	at org.aspectj.weaver.bcel.BcelClassWeaver.implement(BcelClassWeaver.java:3361)
	at org.aspectj.weaver.bcel.BcelClassWeaver.weave(BcelClassWeaver.java:499)
	at org.aspectj.weaver.bcel.BcelClassWeaver.weave(BcelClassWeaver.java:103)
	at org.aspectj.weaver.bcel.BcelWeaver.weave(BcelWeaver.java:1707)
	at org.aspectj.weaver.bcel.BcelWeaver.weaveWithoutDump(BcelWeaver.java:1651)
	at org.aspectj.weaver.bcel.BcelWeaver.weaveAndNotify(BcelWeaver.java:1418)
	at org.aspectj.weaver.bcel.BcelWeaver.weave(BcelWeaver.java:1192)
	at org.aspectj.ajdt.internal.compiler.AjPipeliningCompilerAdapter.weaveQueuedEntries(AjPipeliningCompilerAdapter.java:510)
	at org.aspectj.ajdt.internal.compiler.AjPipeliningCompilerAdapter.queueForWeaving(AjPipeliningCompilerAdapter.java:446)
	at org.aspectj.ajdt.internal.compiler.AjPipeliningCompilerAdapter.afterProcessing(AjPipeliningCompilerAdapter.java:431)
	at org.aspectj.ajdt.internal.compiler.CompilerAdapter.ajc$after$org_aspectj_ajdt_internal_compiler_CompilerAdapter$5$6b855184(CompilerAdapter.aj:104)
	at org.aspectj.org.eclipse.jdt.internal.compiler.Compiler.process(Compiler.java:943)
	at org.aspectj.org.eclipse.jdt.internal.compiler.Compiler.processCompiledUnits(Compiler.java:576)
	at org.aspectj.org.eclipse.jdt.internal.compiler.Compiler.compile(Compiler.java:476)
	at org.aspectj.org.eclipse.jdt.internal.compiler.Compiler.compile(Compiler.java:427)
	at org.aspectj.ajdt.internal.core.builder.AjBuildManager.performCompilation(AjBuildManager.java:1096)
	at org.aspectj.ajdt.internal.core.builder.AjBuildManager.performBuild(AjBuildManager.java:275)
	at org.aspectj.ajdt.internal.core.builder.AjBuildManager.batchBuild(AjBuildManager.java:188)
	at org.aspectj.ajdt.ajc.AjdtCommand.doCommand(AjdtCommand.java:103)
	at org.aspectj.ajdt.ajc.AjdtCommand.runCommand(AjdtCommand.java:47)
	at org.aspectj.tools.ajc.Main.run(Main.java:372)
	at org.aspectj.tools.ajc.Main.runMain(Main.java:250)
	at org.codehaus.mojo.aspectj.AbstractAjcCompiler.execute(AbstractAjcCompiler.java:568)
	at org.apache.maven.plugin.DefaultBuildPluginManager.executeMojo(DefaultBuildPluginManager.java:137)
	at org.apache.maven.lifecycle.internal.MojoExecutor.execute(MojoExecutor.java:210)
	at org.apache.maven.lifecycle.internal.MojoExecutor.execute(MojoExecutor.java:156)
	at org.apache.maven.lifecycle.internal.MojoExecutor.execute(MojoExecutor.java:148)
	at org.apache.maven.lifecycle.internal.LifecycleModuleBuilder.buildProject(LifecycleModuleBuilder.java:117)
	at org.apache.maven.lifecycle.internal.LifecycleModuleBuilder.buildProject(LifecycleModuleBuilder.java:81)
	at org.apache.maven.lifecycle.internal.builder.singlethreaded.SingleThreadedBuilder.build(SingleThreadedBuilder.java:56)
	at org.apache.maven.lifecycle.internal.LifecycleStarter.execute(LifecycleStarter.java:128)
	at org.apache.maven.DefaultMaven.doExecute(DefaultMaven.java:305)
	at org.apache.maven.DefaultMaven.doExecute(DefaultMaven.java:192)
	at org.apache.maven.DefaultMaven.execute(DefaultMaven.java:105)
	at org.apache.maven.cli.MavenCli.execute(MavenCli.java:957)
	at org.apache.maven.cli.MavenCli.doMain(MavenCli.java:289)
	at org.apache.maven.cli.MavenCli.main(MavenCli.java:193)
	at java.base/jdk.internal.reflect.NativeMethodAccessorImpl.invoke0(Native Method)
	at java.base/jdk.internal.reflect.NativeMethodAccessorImpl.invoke(NativeMethodAccessorImpl.java:62)
	at java.base/jdk.internal.reflect.DelegatingMethodAccessorImpl.invoke(DelegatingMethodAccessorImpl.java:43)
	at java.base/java.lang.reflect.Method.invoke(Method.java:566)
	at org.codehaus.plexus.classworlds.launcher.Launcher.launchEnhanced(Launcher.java:282)
	at org.codehaus.plexus.classworlds.launcher.Launcher.launch(Launcher.java:225)
	at org.codehaus.plexus.classworlds.launcher.Launcher.mainWithExitCode(Launcher.java:406)
	at org.codehaus.plexus.classworlds.launcher.Launcher.main(Launcher.java:347)
	at org.codehaus.classworlds.Launcher.main(Launcher.java:47)

info woven class org.example.model.pages.automationexercise.AutomationExerciseHomePage (from C:\Git\JavaFrameworkDemo\src\main\java\org\example\model\pages\automationexercise\AutomationExerciseHomePage.java)
info compiling C:\Git\JavaFrameworkDemo\src\main\java\org\example\model\pages\automationexercise\AutomationExercisePage.java
info woven class org.example.model.pages.automationexercise.AutomationExercisePage (from C:\Git\JavaFrameworkDemo\src\main\java\org\example\model\pages\automationexercise\AutomationExercisePage.java)
info compiling C:\Git\JavaFrameworkDemo\src\main\java\org\example\model\pages\automationexercise\AutomationExerciseSecuredPage.java
info woven class org.example.model.pages.automationexercise.AutomationExerciseSecuredPage (from C:\Git\JavaFrameworkDemo\src\main\java\org\example\model\pages\automationexercise\AutomationExerciseSecuredPage.java)
info compiling C:\Git\JavaFrameworkDemo\src\main\java\org\example\model\pages\automationexercise\AutomationExerciseSignUpPage.java
abort trouble in: 
public class org.example.model.pages.automationexercise.AutomationExerciseSignUpPage extends org.example.model.pages.Page:
  static final String usernameLocator = ".//input[@data-qa=\"login-email\"]"
  static final String passwordLocator = ".//input[@data-qa=\"login-password\"]"
  static final String loginBtnLocator = ".//button[@data-qa=\"login-button\"]"
  static final String nameLocator = ".//input[@data-qa=\"signup-name\"]"
  static final String emailLocator = ".//input[@data-qa=\"signup-email\"]"
  static final String signupBtnLocator = ".//button[@data-qa=\"signup-button\"]"
  org.openqa.selenium.WebElement usernameField [RuntimeVisibleAnnotations]
  org.openqa.selenium.WebElement passwordField [RuntimeVisibleAnnotations]
  org.openqa.selenium.WebElement loginButton [RuntimeVisibleAnnotations]
  static final boolean $assertionsDisabled
  static void <clinit>():
    staticinitialization(void org.example.model.pages.automationexercise.AutomationExerciseSignUpPage.<clinit>())
    |               LDC org.example.model.pages.automationexercise.AutomationExerciseSignUpPage   (line 12)
    |               INVOKEVIRTUAL java.lang.Class.desiredAssertionStatus ()Z
    |               IFNE L0
    |               ICONST_1
    |               GOTO L1
    |           L0: ICONST_0
    |           L1: PUTSTATIC org.example.model.pages.automationexercise.AutomationExerciseSignUpPage.$assertionsDisabled Z
    |               RETURN   (line 22)
    staticinitialization(void org.example.model.pages.automationexercise.AutomationExerciseSignUpPage.<clinit>())
  end static void <clinit>()

  public void <init>(org.openqa.selenium.WebDriver)    org.aspectj.weaver.MethodDeclarationLineNumber: 33:1255
:
                    ALOAD_0     // Lorg/example/model/pages/automationexercise/AutomationExerciseSignUpPage; this   (line 34)
                    ALOAD_1     // Lorg/openqa/selenium/WebDriver; driver
                    INVOKESPECIAL org.example.model.pages.Page.<init> (Lorg/openqa/selenium/WebDriver;)V
    constructor-execution(void org.example.model.pages.automationexercise.AutomationExerciseSignUpPage.<init>(org.openqa.selenium.WebDriver))
    |               RETURN   (line 35)
    constructor-execution(void org.example.model.pages.automationexercise.AutomationExerciseSignUpPage.<init>(org.openqa.selenium.WebDriver))
  end public void <init>(org.openqa.selenium.WebDriver)

  protected void load()    org.aspectj.weaver.MethodDeclarationLineNumber: 38:1372
:
                    ALOAD_0     // Lorg/example/model/pages/automationexercise/AutomationExerciseSignUpPage; this   (line 39)
                    GETFIELD org.example.model.pages.automationexercise.AutomationExerciseSignUpPage.driver Lorg/openqa/selenium/WebDriver;
                    LDC "https://www.automationexercise.com/login"
                    INVOKEINTERFACE org.openqa.selenium.WebDriver.get (Ljava/lang/String;)V
                    RETURN   (line 40)
  end protected void load()

  protected void isLoaded()    org.aspectj.weaver.MethodDeclarationLineNumber: 43:1490
:
                    GETSTATIC org.example.model.pages.automationexercise.AutomationExerciseSignUpPage.$assertionsDisabled Z   (line 44)
                    IFNE L0
                    ALOAD_0     // Lorg/example/model/pages/automationexercise/AutomationExerciseSignUpPage; this
                    GETFIELD org.example.model.pages.automationexercise.AutomationExerciseSignUpPage.driver Lorg/openqa/selenium/WebDriver;
                    INVOKEINTERFACE org.openqa.selenium.WebDriver.getTitle ()Ljava/lang/String;
                    LDC "Signup / Login"
                    INVOKEVIRTUAL java.lang.String.contains (Ljava/lang/CharSequence;)Z
                    IFNE L0
                    NEW java.lang.AssertionError
                    DUP
                    INVOKESPECIAL java.lang.AssertionError.<init> ()V
                    ATHROW
                L0: RETURN   (line 45)
  end protected void isLoaded()

  public void submitLoginForm(String, String)    org.aspectj.weaver.MethodDeclarationLineNumber: 48:1676
:
                    ALOAD_1
                    ASTORE_3
                    ALOAD_2
                    ASTORE 4
                    GETSTATIC org.example.model.pages.automationexercise.AutomationExerciseSignUpPage.ajc$tjp_0 Lorg/aspectj/lang/JoinPoint$StaticPart;
                    ALOAD_0
                    ALOAD_0
                    ALOAD_3
                    ALOAD 4
                    INVOKESTATIC org.aspectj.runtime.reflect.Factory.makeJP (Lorg/aspectj/lang/JoinPoint$StaticPart;Ljava/lang/Object;Ljava/lang/Object;Ljava/lang/Object;Ljava/lang/Object;)Lorg/aspectj/lang/JoinPoint;
                    ASTORE 5
  end public void submitLoginForm(String, String)

  public void enterUsername(String)    org.aspectj.weaver.MethodDeclarationLineNumber: 55:1892
:
    method-execution(void org.example.model.pages.automationexercise.AutomationExerciseSignUpPage.enterUsername(java.lang.String))
    |               ALOAD_0     // Lorg/example/model/pages/automationexercise/AutomationExerciseSignUpPage; this   (line 56)
    |               GETFIELD org.example.model.pages.automationexercise.AutomationExerciseSignUpPage.usernameField Lorg/openqa/selenium/WebElement;
    |               ICONST_1
    |               ANEWARRAY java.lang.CharSequence
    |               DUP
    |               ICONST_0
    |               ALOAD_1     // Ljava/lang/String; username
    |               AASTORE
    |               INVOKEINTERFACE org.openqa.selenium.WebElement.sendKeys ([Ljava/lang/CharSequence;)V
    |               RETURN   (line 57)
    method-execution(void org.example.model.pages.automationexercise.AutomationExerciseSignUpPage.enterUsername(java.lang.String))
  end public void enterUsername(String)

  public void enterPassword(String)    org.aspectj.weaver.MethodDeclarationLineNumber: 60:2041
:
    method-execution(void org.example.model.pages.automationexercise.AutomationExerciseSignUpPage.enterPassword(java.lang.String))
    |               ALOAD_0     // Lorg/example/model/pages/automationexercise/AutomationExerciseSignUpPage; this   (line 61)
    |               GETFIELD org.example.model.pages.automationexercise.AutomationExerciseSignUpPage.passwordField Lorg/openqa/selenium/WebElement;
    |               ICONST_1
    |               ANEWARRAY java.lang.CharSequence
    |               DUP
    |               ICONST_0
    |               ALOAD_1     // Ljava/lang/String; password
    |               AASTORE
    |               INVOKEINTERFACE org.openqa.selenium.WebElement.sendKeys ([Ljava/lang/CharSequence;)V
    |               RETURN   (line 62)
    method-execution(void org.example.model.pages.automationexercise.AutomationExerciseSignUpPage.enterPassword(java.lang.String))
  end public void enterPassword(String)

  public void clickLogin()    org.aspectj.weaver.MethodDeclarationLineNumber: 64:2181
:
    method-execution(void org.example.model.pages.automationexercise.AutomationExerciseSignUpPage.clickLogin())
    |               ALOAD_0     // Lorg/example/model/pages/automationexercise/AutomationExerciseSignUpPage; this   (line 65)
    |               GETFIELD org.example.model.pages.automationexercise.AutomationExerciseSignUpPage.loginButton Lorg/openqa/selenium/WebElement;
    |               INVOKEINTERFACE org.openqa.selenium.WebElement.click ()V
    |               RETURN   (line 66)
    method-execution(void org.example.model.pages.automationexercise.AutomationExerciseSignUpPage.clickLogin())
  end public void clickLogin()

  public void startRegistration()    org.aspectj.weaver.MethodDeclarationLineNumber: 69:2311
:
    method-execution(void org.example.model.pages.automationexercise.AutomationExerciseSignUpPage.startRegistration())
    |               RETURN   (line 71)
    method-execution(void org.example.model.pages.automationexercise.AutomationExerciseSignUpPage.startRegistration())
  end public void startRegistration()

  private static final void submitLoginForm_aroundBody0(org.example.model.pages.automationexercise.AutomationExerciseSignUpPage, String, String, org.aspectj.lang.JoinPoint):
                    ALOAD_0     // Lorg/example/model/pages/automationexercise/AutomationExerciseSignUpPage; ajc$this   (line 49)
                    ALOAD_1     // Ljava/lang/String; username
                    INVOKEVIRTUAL org.example.model.pages.automationexercise.AutomationExerciseSignUpPage.enterUsername (Ljava/lang/String;)V
                    ALOAD_0     // Lorg/example/model/pages/automationexercise/AutomationExerciseSignUpPage; ajc$this   (line 50)
                    ALOAD_2     // Ljava/lang/String; password
                    INVOKEVIRTUAL org.example.model.pages.automationexercise.AutomationExerciseSignUpPage.enterPassword (Ljava/lang/String;)V
                    ALOAD_0     // Lorg/example/model/pages/automationexercise/AutomationExerciseSignUpPage; ajc$this   (line 51)
                    INVOKEVIRTUAL org.example.model.pages.automationexercise.AutomationExerciseSignUpPage.clickLogin ()V
                    RETURN   (line 52)
  end private static final void submitLoginForm_aroundBody0(org.example.model.pages.automationexercise.AutomationExerciseSignUpPage, String, String, org.aspectj.lang.JoinPoint)

  private static final Object submitLoginForm_aroundBody1$advice(org.example.model.pages.automationexercise.AutomationExerciseSignUpPage, String, String, org.aspectj.lang.JoinPoint, org.example.reporting.impl.extent.ExtentReporterAspect, org.aspectj.lang.ProceedingJoinPoint):
    adviceexecution(java.lang.Object org.example.reporting.impl.extent.ExtentReporterAspect.retrieveMethodInformation(org.aspectj.lang.ProceedingJoinPoint))
    |               ALOAD 5     // Lorg/aspectj/lang/ProceedingJoinPoint; call   (line 30)
    |               INVOKEINTERFACE org.aspectj.lang.ProceedingJoinPoint.getSignature ()Lorg/aspectj/lang/Signature;
    |               CHECKCAST org.aspectj.lang.reflect.MethodSignature
    |               ASTORE 6
    |               ALOAD 6     // Lorg/aspectj/lang/reflect/MethodSignature; signature   (line 31)
    |               INVOKEINTERFACE org.aspectj.lang.reflect.MethodSignature.getMethod ()Ljava/lang/reflect/Method;
    |               ASTORE 7
    |               ALOAD 4     // Lorg/example/reporting/impl/extent/ExtentReporterAspect; ajc$aspectInstance   (line 33)
    |               ALOAD 7     // Ljava/lang/reflect/Method; method
    |               LDC org.example.reporting.TestStep
    |               INVOKEVIRTUAL java.lang.reflect.Method.getAnnotation (Ljava/lang/Class;)Ljava/lang/annotation/Annotation;
    |               CHECKCAST org.example.reporting.TestStep
    |               INVOKEINTERFACE org.example.reporting.TestStep.value ()Ljava/lang/String;
    |               INVOKESTATIC org.example.reporting.impl.extent.ExtentReporterAspect.ajc$inlineAccessFieldSet$org_example_reporting_impl_extent_ExtentReporterAspect$org_example_reporting_impl_extent_ExtentReporterAspect$testStep (Lorg/example/reporting/impl/extent/ExtentReporterAspect;Ljava/lang/String;)V
    |               ALOAD 5     // Lorg/aspectj/lang/ProceedingJoinPoint; call   (line 34)
    |               ALOAD 5     // Lorg/aspectj/lang/ProceedingJoinPoint; call
    |               INVOKEINTERFACE org.aspectj.lang.ProceedingJoinPoint.getArgs ()[Ljava/lang/Object;
    |               INVOKEINTERFACE org.aspectj.lang.ProceedingJoinPoint.proceed ([Ljava/lang/Object;)Ljava/lang/Object;
    |               ARETURN
    adviceexecution(java.lang.Object org.example.reporting.impl.extent.ExtentReporterAspect.retrieveMethodInformation(org.aspectj.lang.ProceedingJoinPoint))
  end private static final Object submitLoginForm_aroundBody1$advice(org.example.model.pages.automationexercise.AutomationExerciseSignUpPage, String, String, org.aspectj.lang.JoinPoint, org.example.reporting.impl.extent.ExtentReporterAspect, org.aspectj.lang.ProceedingJoinPoint)
end public class org.example.model.pages.automationexercise.AutomationExerciseSignUpPage
 -- (BCException) visiting a false expression
when implementing on shadow method-execution(void org.example.model.pages.automationexercise.AutomationExerciseSignUpPage.submitLoginForm(java.lang.String, java.lang.String))
when weaving type org.example.model.pages.automationexercise.AutomationExerciseSignUpPage
when weaving classes 
when weaving 
when batch building BuildConfig[null] #Files=21 AopXmls=#0

visiting a false expression
when implementing on shadow method-execution(void org.example.model.pages.automationexercise.AutomationExerciseSignUpPage.submitLoginForm(java.lang.String, java.lang.String))
when weaving type org.example.model.pages.automationexercise.AutomationExerciseSignUpPage
when weaving classes 
when weaving 
when batch building BuildConfig[null] #Files=21 AopXmls=#0

org.aspectj.weaver.BCException: visiting a false expression
when implementing on shadow method-execution(void org.example.model.pages.automationexercise.AutomationExerciseSignUpPage.submitLoginForm(java.lang.String, java.lang.String))
when weaving type org.example.model.pages.automationexercise.AutomationExerciseSignUpPage
when weaving classes 
when weaving 
when batch building BuildConfig[null] #Files=21 AopXmls=#0

	at org.aspectj.weaver.bcel.BcelRenderer.visit(BcelRenderer.java:203)
	at org.aspectj.weaver.ast.Literal.accept(Literal.java:29)
	at org.aspectj.weaver.bcel.BcelRenderer.recur(BcelRenderer.java:110)
	at org.aspectj.weaver.bcel.BcelRenderer.renderTest(BcelRenderer.java:100)
	at org.aspectj.weaver.bcel.BcelAdvice.getTestInstructions(BcelAdvice.java:702)
	at org.aspectj.weaver.bcel.BcelShadow.weaveAroundInline(BcelShadow.java:2327)
	at org.aspectj.weaver.bcel.BcelAdvice.implementOn(BcelAdvice.java:391)
	at org.aspectj.weaver.Shadow.implementMungers(Shadow.java:645)
	at org.aspectj.weaver.Shadow.implement(Shadow.java:547)
	at org.aspectj.weaver.bcel.BcelClassWeaver.implement(BcelClassWeaver.java:3361)
	at org.aspectj.weaver.bcel.BcelClassWeaver.weave(BcelClassWeaver.java:499)
	at org.aspectj.weaver.bcel.BcelClassWeaver.weave(BcelClassWeaver.java:103)
	at org.aspectj.weaver.bcel.BcelWeaver.weave(BcelWeaver.java:1707)
	at org.aspectj.weaver.bcel.BcelWeaver.weaveWithoutDump(BcelWeaver.java:1651)
	at org.aspectj.weaver.bcel.BcelWeaver.weaveAndNotify(BcelWeaver.java:1418)
	at org.aspectj.weaver.bcel.BcelWeaver.weave(BcelWeaver.java:1192)
	at org.aspectj.ajdt.internal.compiler.AjPipeliningCompilerAdapter.weaveQueuedEntries(AjPipeliningCompilerAdapter.java:510)
	at org.aspectj.ajdt.internal.compiler.AjPipeliningCompilerAdapter.queueForWeaving(AjPipeliningCompilerAdapter.java:446)
	at org.aspectj.ajdt.internal.compiler.AjPipeliningCompilerAdapter.afterProcessing(AjPipeliningCompilerAdapter.java:431)
	at org.aspectj.ajdt.internal.compiler.CompilerAdapter.ajc$after$org_aspectj_ajdt_internal_compiler_CompilerAdapter$5$6b855184(CompilerAdapter.aj:104)
	at org.aspectj.org.eclipse.jdt.internal.compiler.Compiler.process(Compiler.java:943)
	at org.aspectj.org.eclipse.jdt.internal.compiler.Compiler.processCompiledUnits(Compiler.java:576)
	at org.aspectj.org.eclipse.jdt.internal.compiler.Compiler.compile(Compiler.java:476)
	at org.aspectj.org.eclipse.jdt.internal.compiler.Compiler.compile(Compiler.java:427)
	at org.aspectj.ajdt.internal.core.builder.AjBuildManager.performCompilation(AjBuildManager.java:1096)
	at org.aspectj.ajdt.internal.core.builder.AjBuildManager.performBuild(AjBuildManager.java:275)
	at org.aspectj.ajdt.internal.core.builder.AjBuildManager.batchBuild(AjBuildManager.java:188)
	at org.aspectj.ajdt.ajc.AjdtCommand.doCommand(AjdtCommand.java:103)
	at org.aspectj.ajdt.ajc.AjdtCommand.runCommand(AjdtCommand.java:47)
	at org.aspectj.tools.ajc.Main.run(Main.java:372)
	at org.aspectj.tools.ajc.Main.runMain(Main.java:250)
	at org.codehaus.mojo.aspectj.AbstractAjcCompiler.execute(AbstractAjcCompiler.java:568)
	at org.apache.maven.plugin.DefaultBuildPluginManager.executeMojo(DefaultBuildPluginManager.java:137)
	at org.apache.maven.lifecycle.internal.MojoExecutor.execute(MojoExecutor.java:210)
	at org.apache.maven.lifecycle.internal.MojoExecutor.execute(MojoExecutor.java:156)
	at org.apache.maven.lifecycle.internal.MojoExecutor.execute(MojoExecutor.java:148)
	at org.apache.maven.lifecycle.internal.LifecycleModuleBuilder.buildProject(LifecycleModuleBuilder.java:117)
	at org.apache.maven.lifecycle.internal.LifecycleModuleBuilder.buildProject(LifecycleModuleBuilder.java:81)
	at org.apache.maven.lifecycle.internal.builder.singlethreaded.SingleThreadedBuilder.build(SingleThreadedBuilder.java:56)
	at org.apache.maven.lifecycle.internal.LifecycleStarter.execute(LifecycleStarter.java:128)
	at org.apache.maven.DefaultMaven.doExecute(DefaultMaven.java:305)
	at org.apache.maven.DefaultMaven.doExecute(DefaultMaven.java:192)
	at org.apache.maven.DefaultMaven.execute(DefaultMaven.java:105)
	at org.apache.maven.cli.MavenCli.execute(MavenCli.java:957)
	at org.apache.maven.cli.MavenCli.doMain(MavenCli.java:289)
	at org.apache.maven.cli.MavenCli.main(MavenCli.java:193)
	at java.base/jdk.internal.reflect.NativeMethodAccessorImpl.invoke0(Native Method)
	at java.base/jdk.internal.reflect.NativeMethodAccessorImpl.invoke(NativeMethodAccessorImpl.java:62)
	at java.base/jdk.internal.reflect.DelegatingMethodAccessorImpl.invoke(DelegatingMethodAccessorImpl.java:43)
	at java.base/java.lang.reflect.Method.invoke(Method.java:566)
	at org.codehaus.plexus.classworlds.launcher.Launcher.launchEnhanced(Launcher.java:282)
	at org.codehaus.plexus.classworlds.launcher.Launcher.launch(Launcher.java:225)
	at org.codehaus.plexus.classworlds.launcher.Launcher.mainWithExitCode(Launcher.java:406)
	at org.codehaus.plexus.classworlds.launcher.Launcher.main(Launcher.java:347)
	at org.codehaus.classworlds.Launcher.main(Launcher.java:47)

info woven class org.example.model.pages.automationexercise.AutomationExerciseSignUpPage (from C:\Git\JavaFrameworkDemo\src\main\java\org\example\model\pages\automationexercise\AutomationExerciseSignUpPage.java)
info compiling C:\Git\JavaFrameworkDemo\src\main\java\org\example\model\pages\google\GoogleHomePage.java
info woven class org.example.model.pages.google.GoogleHomePage (from C:\Git\JavaFrameworkDemo\src\main\java\org\example\model\pages\google\GoogleHomePage.java)
info compiling C:\Git\JavaFrameworkDemo\src\main\java\org\example\model\pages\Page.java
info woven class org.example.model.pages.Page (from C:\Git\JavaFrameworkDemo\src\main\java\org\example\model\pages\Page.java)
info compiling C:\Git\JavaFrameworkDemo\src\main\java\org\example\reporting\impl\extent\ExtentReporter.java
info woven class org.example.reporting.impl.extent.ExtentReporter (from C:\Git\JavaFrameworkDemo\src\main\java\org\example\reporting\impl\extent\ExtentReporter.java)
info compiling C:\Git\JavaFrameworkDemo\src\main\java\org\example\reporting\impl\extent\ExtentReporterSupplier.java
info woven class org.example.reporting.impl.extent.ExtentReporterSupplier (from C:\Git\JavaFrameworkDemo\src\main\java\org\example\reporting\impl\extent\ExtentReporterSupplier.java)
info compiling C:\Git\JavaFrameworkDemo\src\main\java\org\example\reporting\impl\ReporterSupplierFactory.java
info woven class org.example.reporting.impl.ReporterSupplierFactory (from C:\Git\JavaFrameworkDemo\src\main\java\org\example\reporting\impl\ReporterSupplierFactory.java)
info compiling C:\Git\JavaFrameworkDemo\src\main\java\org\example\reporting\Reporter.java
info woven class org.example.reporting.IReporter (from C:\Git\JavaFrameworkDemo\src\main\java\org\example\reporting\Reporter.java)
info compiling C:\Git\JavaFrameworkDemo\src\main\java\org\example\reporting\Supplier.java
info woven class org.example.reporting.ISupplier (from C:\Git\JavaFrameworkDemo\src\main\java\org\example\reporting\Supplier.java)
info compiling C:\Git\JavaFrameworkDemo\src\main\java\org\example\reporting\TestStep.java
info woven class org.example.reporting.TestStep (from C:\Git\JavaFrameworkDemo\src\main\java\org\example\reporting\TestStep.java)
info compiling C:\Git\JavaFrameworkDemo\src\main\java\org\example\selenium\driver\IFactory.java
info woven class org.example.selenium.driver.IFactory (from C:\Git\JavaFrameworkDemo\src\main\java\org\example\selenium\driver\IFactory.java)
info compiling C:\Git\JavaFrameworkDemo\src\main\java\org\example\selenium\driver\impl\DefaultCapabilitiesFactory.java
info woven class org.example.selenium.driver.impl.DefaultCapabilitiesFactory (from C:\Git\JavaFrameworkDemo\src\main\java\org\example\selenium\driver\impl\DefaultCapabilitiesFactory.java)
info compiling C:\Git\JavaFrameworkDemo\src\main\java\org\example\selenium\driver\impl\LocalDriverFactory.java
info woven class org.example.selenium.driver.impl.LocalDriverFactory (from C:\Git\JavaFrameworkDemo\src\main\java\org\example\selenium\driver\impl\LocalDriverFactory.java)
info compiling C:\Git\JavaFrameworkDemo\src\main\java\org\example\selenium\driver\impl\WebDriverFactory.java
info woven class org.example.selenium.driver.impl.WebDriverFactory (from C:\Git\JavaFrameworkDemo\src\main\java\org\example\selenium\driver\impl\WebDriverFactory.java)
info compiling C:\Git\JavaFrameworkDemo\src\main\java\org\example\selenium\ScreenshotUtilities.java
info woven class org.example.selenium.ScreenshotUtilities (from C:\Git\JavaFrameworkDemo\src\main\java\org\example\selenium\ScreenshotUtilities.java)
info compiling C:\Git\JavaFrameworkDemo\src\main\java\org\example\stepdefinitions\CucumberSteps.java
info woven class org.example.stepdefinitions.CucumberSteps (from C:\Git\JavaFrameworkDemo\src\main\java\org\example\stepdefinitions\CucumberSteps.java)
warning at C:\Git\JavaFrameworkDemo\src\main\java\org\example\reporting\impl\extent\ExtentReporterAspect.java:43::0 advice defined in org.example.reporting.impl.extent.ExtentReporterAspect has not been applied [Xlint:adviceDidNotMatch]
warning at C:\Git\JavaFrameworkDemo\src\main\java\org\example\reporting\impl\extent\ExtentReporterAspect.java:38::0 advice defined in org.example.reporting.impl.extent.ExtentReporterAspect has not been applied [Xlint:adviceDidNotMatch]
